Load: 43.47s, Before split: 0.07765s, Split: 0.002632s, After split: 0.203s
GNN(
  (preprocess): Preprocess(
    node_feature: dim_out=2
    Total: dim_out=2
  )
  (pre_mp): GeneralMultiLayer(
    (Layer_0): GeneralLayer(
      (layer): Linear(
        (model): Linear(in_features=2, out_features=181, bias=True)
      )
      (post_layer): Sequential(
        (0): Dropout(p=0.4, inplace=False)
        (1): PReLU(num_parameters=1)
      )
    )
  )
  (mp): GNNStackStage(
    (layer0): GeneralLayer(
      (layer): GATConv(
        (model): GATConv(181, 181, heads=1)
      )
      (post_layer): Sequential(
        (0): Dropout(p=0.4, inplace=False)
        (1): PReLU(num_parameters=1)
      )
    )
    (layer1): GeneralLayer(
      (layer): GATConv(
        (model): GATConv(181, 181, heads=1)
      )
      (post_layer): Sequential(
        (0): Dropout(p=0.4, inplace=False)
        (1): PReLU(num_parameters=1)
      )
    )
    (layer2): GeneralLayer(
      (layer): GATConv(
        (model): GATConv(181, 181, heads=1)
      )
      (post_layer): Sequential(
        (0): Dropout(p=0.4, inplace=False)
        (1): PReLU(num_parameters=1)
      )
    )
    (layer3): GeneralLayer(
      (layer): GATConv(
        (model): GATConv(181, 181, heads=1)
      )
      (post_layer): Sequential(
        (0): Dropout(p=0.4, inplace=False)
        (1): PReLU(num_parameters=1)
      )
    )
  )
  (post_mp): GNNGraphHead(
    (layer_post_mp): MLP(
      (model): Sequential(
        (0): Linear(
          (model): Linear(in_features=181, out_features=7, bias=True)
        )
      )
    )
  )
)
bn:
  eps: 1e-05
  mom: 0.1
cfg_dest: config.yaml
custom_metrics: []
dataset:
  augment_feature: []
  augment_feature_dims: []
  augment_feature_repr: original
  augment_label: 
  augment_label_dims: 0
  cache_load: False
  cache_save: False
  dir: ./datasets
  edge_dim: 128
  edge_encoder: False
  edge_encoder_bn: True
  edge_encoder_name: Bond
  edge_message_ratio: 0.8
  edge_negative_sampling_ratio: 1.0
  edge_train_mode: all
  encoder: True
  encoder_bn: True
  encoder_dim: 128
  encoder_name: db
  format: nx
  label_column: none
  label_table: none
  location: local
  name: BCDB
  node_encoder: False
  node_encoder_bn: True
  node_encoder_name: Atom
  remove_feature: False
  resample_disjoint: False
  resample_negative: False
  shuffle_split: True
  split: [0.8, 0.1, 0.1]
  split_mode: random
  task: graph
  task_type: classification
  to_undirected: False
  transductive: False
  transform: none
  tu_simple: True
device: cpu
example_arg: example
example_group:
  example_arg: example
gnn:
  act: prelu
  agg: add
  att_final_linear: False
  att_final_linear_bn: False
  att_heads: 1
  batchnorm: False
  clear_feature: True
  dim_inner: 181
  dropout: 0.4
  flow: source_to_target
  head: graph
  keep_edge: 0.5
  l2norm: True
  layer_type: gatconv
  layers_mp: 4
  layers_post_mp: 1
  layers_pre_mp: 1
  msg_direction: single
  normalize_adj: False
  self_msg: concat
  skip_every: 1
  stage_type: stack
gpu_mem: False
mem:
  inplace: False
metric_agg: argmax
metric_best: auto
model:
  edge_decoding: dot
  graph_pooling: add
  loss_fun: cross_entropy
  match_upper: True
  size_average: mean
  thresh: 0.5
  type: gnn
num_threads: 6
num_workers: 0
optim:
  base_lr: 0.01
  lr_decay: 0.1
  max_epoch: 100
  momentum: 0.9
  optimizer: adam
  scheduler: cos
  steps: [30, 60, 90]
  weight_decay: 0.0005
out_dir: results/BCDB_Dataset_grid_BCDB_grid/BCDB_Dataset-format=nx-dataset=BCDB-task=graph-trans=False-l_t=gatconv-l_pre=1-l_mp=4-l_post=1-stage=stack-bn=False-act=prelu-drop=0.4-agg=add-optim=adam
print: both
round: 4
run_dir: results/BCDB_Dataset_grid_BCDB_grid/BCDB_Dataset-format=nx-dataset=BCDB-task=graph-trans=False-l_t=gatconv-l_pre=1-l_mp=4-l_post=1-stage=stack-bn=False-act=prelu-drop=0.4-agg=add-optim=adam/0
seed: 1
share:
  dim_in: 2
  dim_out: 7
  num_splits: 3
tensorboard_agg: True
tensorboard_each_run: False
train:
  auto_resume: False
  batch_size: 32
  ckpt_clean: True
  ckpt_period: 100
  enable_ckpt: True
  epoch_resume: -1
  eval_period: 20
  iter_per_epoch: 32
  mode: standard
  neighbor_sizes: [20, 15, 10, 5]
  node_per_graph: 32
  radius: extend
  sample_node: False
  sampler: full_batch
  skip_train_eval: False
  walk_length: 4
val:
  node_per_graph: 32
  radius: extend
  sample_node: False
  sampler: full_batch
view_emb: False
Num parameters: 135034
Start from epoch 0
train: {'epoch': 0, 'eta': 7054.8518, 'loss': 1.9356, 'lr': 0.01, 'params': 135034, 'time_iter': 0.5358, 'accuracy': 0.4556}
val: {'epoch': 0, 'loss': 1.68, 'lr': 0, 'params': 135034, 'time_iter': 0.1707, 'accuracy': 0.4906}
test: {'epoch': 0, 'loss': 1.7194, 'lr': 0, 'params': 135034, 'time_iter': 0.174, 'accuracy': 0.4915}
train: {'epoch': 1, 'eta': 6896.1541, 'loss': 1.495, 'lr': 0.01, 'params': 135034, 'time_iter': 0.5224, 'accuracy': 0.511}
train: {'epoch': 2, 'eta': 6783.4082, 'loss': 1.4269, 'lr': 0.01, 'params': 135034, 'time_iter': 0.5192, 'accuracy': 0.5183}
train: {'epoch': 3, 'eta': 6894.245, 'loss': 1.3983, 'lr': 0.01, 'params': 135034, 'time_iter': 0.5824, 'accuracy': 0.5235}
train: {'epoch': 4, 'eta': 6679.2932, 'loss': 1.3774, 'lr': 0.01, 'params': 135034, 'time_iter': 0.4833, 'accuracy': 0.5277}
train: {'epoch': 5, 'eta': 6493.8804, 'loss': 1.3891, 'lr': 0.0099, 'params': 135034, 'time_iter': 0.4734, 'accuracy': 0.5192}
train: {'epoch': 6, 'eta': 6543.3544, 'loss': 1.368, 'lr': 0.0099, 'params': 135034, 'time_iter': 0.5865, 'accuracy': 0.5171}
train: {'epoch': 7, 'eta': 6505.1546, 'loss': 1.3729, 'lr': 0.0099, 'params': 135034, 'time_iter': 0.55, 'accuracy': 0.5138}
train: {'epoch': 8, 'eta': 6372.7501, 'loss': 1.3631, 'lr': 0.0098, 'params': 135034, 'time_iter': 0.4858, 'accuracy': 0.5218}
train: {'epoch': 9, 'eta': 6207.297, 'loss': 1.3612, 'lr': 0.0098, 'params': 135034, 'time_iter': 0.4468, 'accuracy': 0.5256}
train: {'epoch': 10, 'eta': 6053.7151, 'loss': 1.3563, 'lr': 0.0098, 'params': 135034, 'time_iter': 0.4399, 'accuracy': 0.5216}
train: {'epoch': 11, 'eta': 5982.3679, 'loss': 1.3555, 'lr': 0.0097, 'params': 135034, 'time_iter': 0.508, 'accuracy': 0.5268}
train: {'epoch': 12, 'eta': 5875.7682, 'loss': 1.3457, 'lr': 0.0096, 'params': 135034, 'time_iter': 0.4678, 'accuracy': 0.5253}
train: {'epoch': 13, 'eta': 5750.3739, 'loss': 1.3307, 'lr': 0.0096, 'params': 135034, 'time_iter': 0.437, 'accuracy': 0.5305}
train: {'epoch': 14, 'eta': 5677.1539, 'loss': 1.3237, 'lr': 0.0095, 'params': 135034, 'time_iter': 0.4943, 'accuracy': 0.5348}
train: {'epoch': 15, 'eta': 5633.1165, 'loss': 1.337, 'lr': 0.0095, 'params': 135034, 'time_iter': 0.5348, 'accuracy': 0.5277}
train: {'epoch': 16, 'eta': 5557.7866, 'loss': 1.3274, 'lr': 0.0094, 'params': 135034, 'time_iter': 0.4915, 'accuracy': 0.5218}
train: {'epoch': 17, 'eta': 5573.8997, 'loss': 1.3593, 'lr': 0.0093, 'params': 135034, 'time_iter': 0.6406, 'accuracy': 0.5211}
train: {'epoch': 18, 'eta': 5516.0916, 'loss': 1.3308, 'lr': 0.0092, 'params': 135034, 'time_iter': 0.529, 'accuracy': 0.5256}
train: {'epoch': 19, 'eta': 5443.3691, 'loss': 1.3279, 'lr': 0.0091, 'params': 135034, 'time_iter': 0.5033, 'accuracy': 0.5492}
val: {'epoch': 19, 'loss': 1.2702, 'lr': 0, 'params': 135034, 'time_iter': 0.2039, 'accuracy': 0.5906}
test: {'epoch': 19, 'loss': 1.3128, 'lr': 0, 'params': 135034, 'time_iter': 0.196, 'accuracy': 0.597}
train: {'epoch': 20, 'eta': 5364.0704, 'loss': 1.2611, 'lr': 0.009, 'params': 135034, 'time_iter': 0.4891, 'accuracy': 0.577}
train: {'epoch': 21, 'eta': 5269.4319, 'loss': 1.2112, 'lr': 0.009, 'params': 135034, 'time_iter': 0.4538, 'accuracy': 0.5904}
train: {'epoch': 22, 'eta': 5167.3403, 'loss': 1.1208, 'lr': 0.0089, 'params': 135034, 'time_iter': 0.4304, 'accuracy': 0.618}
train: {'epoch': 23, 'eta': 5066.6673, 'loss': 1.1495, 'lr': 0.0088, 'params': 135034, 'time_iter': 0.4249, 'accuracy': 0.6119}
train: {'epoch': 24, 'eta': 5005.5637, 'loss': 1.0701, 'lr': 0.0086, 'params': 135034, 'time_iter': 0.5152, 'accuracy': 0.6251}
train: {'epoch': 25, 'eta': 4915.4437, 'loss': 1.0807, 'lr': 0.0085, 'params': 135034, 'time_iter': 0.44, 'accuracy': 0.6253}
train: {'epoch': 26, 'eta': 4826.3681, 'loss': 1.0606, 'lr': 0.0084, 'params': 135034, 'time_iter': 0.4364, 'accuracy': 0.6253}
train: {'epoch': 27, 'eta': 4764.482, 'loss': 1.0648, 'lr': 0.0083, 'params': 135034, 'time_iter': 0.5095, 'accuracy': 0.6244}
train: {'epoch': 28, 'eta': 4689.9557, 'loss': 1.0532, 'lr': 0.0082, 'params': 135034, 'time_iter': 0.4719, 'accuracy': 0.6298}
train: {'epoch': 29, 'eta': 4641.276, 'loss': 1.0521, 'lr': 0.0081, 'params': 135034, 'time_iter': 0.5527, 'accuracy': 0.6234}
train: {'epoch': 30, 'eta': 4660.5666, 'loss': 1.0356, 'lr': 0.0079, 'params': 135034, 'time_iter': 0.7877, 'accuracy': 0.6359}
train: {'epoch': 31, 'eta': 4603.7161, 'loss': 1.036, 'lr': 0.0078, 'params': 135034, 'time_iter': 0.5457, 'accuracy': 0.6324}
train: {'epoch': 32, 'eta': 4542.7488, 'loss': 1.0264, 'lr': 0.0077, 'params': 135034, 'time_iter': 0.534, 'accuracy': 0.6291}
train: {'epoch': 33, 'eta': 4472.012, 'loss': 1.0193, 'lr': 0.0075, 'params': 135034, 'time_iter': 0.4984, 'accuracy': 0.6437}
train: {'epoch': 34, 'eta': 4407.2306, 'loss': 1.0242, 'lr': 0.0074, 'params': 135034, 'time_iter': 0.5215, 'accuracy': 0.635}
train: {'epoch': 35, 'eta': 4338.5832, 'loss': 0.9959, 'lr': 0.0073, 'params': 135034, 'time_iter': 0.5062, 'accuracy': 0.6456}
train: {'epoch': 36, 'eta': 4265.3074, 'loss': 0.9858, 'lr': 0.0071, 'params': 135034, 'time_iter': 0.4855, 'accuracy': 0.6435}
train: {'epoch': 37, 'eta': 4200.9867, 'loss': 0.9973, 'lr': 0.007, 'params': 135034, 'time_iter': 0.5246, 'accuracy': 0.6432}
train: {'epoch': 38, 'eta': 4142.1685, 'loss': 0.977, 'lr': 0.0068, 'params': 135034, 'time_iter': 0.5524, 'accuracy': 0.6529}
train: {'epoch': 39, 'eta': 4078.6551, 'loss': 0.9849, 'lr': 0.0067, 'params': 135034, 'time_iter': 0.5326, 'accuracy': 0.6553}
val: {'epoch': 39, 'loss': 1.1522, 'lr': 0, 'params': 135034, 'time_iter': 0.1837, 'accuracy': 0.6}
test: {'epoch': 39, 'loss': 1.1756, 'lr': 0, 'params': 135034, 'time_iter': 0.2291, 'accuracy': 0.5876}
train: {'epoch': 40, 'eta': 4021.9713, 'loss': 0.9896, 'lr': 0.0065, 'params': 135034, 'time_iter': 0.5701, 'accuracy': 0.6465}
train: {'epoch': 41, 'eta': 3968.1788, 'loss': 0.9813, 'lr': 0.0064, 'params': 135034, 'time_iter': 0.5908, 'accuracy': 0.6501}
train: {'epoch': 42, 'eta': 3899.7323, 'loss': 0.9816, 'lr': 0.0062, 'params': 135034, 'time_iter': 0.5142, 'accuracy': 0.6548}
train: {'epoch': 43, 'eta': 3861.8031, 'loss': 0.979, 'lr': 0.0061, 'params': 135034, 'time_iter': 0.6945, 'accuracy': 0.6515}
train: {'epoch': 44, 'eta': 3801.016, 'loss': 0.9515, 'lr': 0.0059, 'params': 135034, 'time_iter': 0.5688, 'accuracy': 0.6567}
train: {'epoch': 45, 'eta': 3740.4899, 'loss': 0.9486, 'lr': 0.0058, 'params': 135034, 'time_iter': 0.5746, 'accuracy': 0.6635}
train: {'epoch': 46, 'eta': 3675.1723, 'loss': 0.9689, 'lr': 0.0056, 'params': 135034, 'time_iter': 0.5472, 'accuracy': 0.6612}
train: {'epoch': 47, 'eta': 3610.0661, 'loss': 0.9537, 'lr': 0.0055, 'params': 135034, 'time_iter': 0.5508, 'accuracy': 0.6595}
train: {'epoch': 48, 'eta': 3546.0749, 'loss': 0.9483, 'lr': 0.0053, 'params': 135034, 'time_iter': 0.5612, 'accuracy': 0.6623}
train: {'epoch': 49, 'eta': 3472.0208, 'loss': 0.9371, 'lr': 0.0052, 'params': 135034, 'time_iter': 0.4888, 'accuracy': 0.6713}
train: {'epoch': 50, 'eta': 3387.6726, 'loss': 0.9322, 'lr': 0.005, 'params': 135034, 'time_iter': 0.4054, 'accuracy': 0.6678}
train: {'epoch': 51, 'eta': 3303.7987, 'loss': 0.9317, 'lr': 0.0048, 'params': 135034, 'time_iter': 0.3998, 'accuracy': 0.6722}
train: {'epoch': 52, 'eta': 3229.8023, 'loss': 0.9389, 'lr': 0.0047, 'params': 135034, 'time_iter': 0.4737, 'accuracy': 0.6699}
train: {'epoch': 53, 'eta': 3166.7773, 'loss': 0.9095, 'lr': 0.0045, 'params': 135034, 'time_iter': 0.5669, 'accuracy': 0.6817}
train: {'epoch': 54, 'eta': 3084.7875, 'loss': 0.922, 'lr': 0.0044, 'params': 135034, 'time_iter': 0.3968, 'accuracy': 0.6741}
train: {'epoch': 55, 'eta': 3007.4962, 'loss': 0.9221, 'lr': 0.0042, 'params': 135034, 'time_iter': 0.4318, 'accuracy': 0.6706}
train: {'epoch': 56, 'eta': 2928.2681, 'loss': 0.9084, 'lr': 0.0041, 'params': 135034, 'time_iter': 0.4055, 'accuracy': 0.685}
train: {'epoch': 57, 'eta': 2850.5546, 'loss': 0.9018, 'lr': 0.0039, 'params': 135034, 'time_iter': 0.4122, 'accuracy': 0.6805}
train: {'epoch': 58, 'eta': 2773.6939, 'loss': 0.9082, 'lr': 0.0038, 'params': 135034, 'time_iter': 0.413, 'accuracy': 0.6843}
train: {'epoch': 59, 'eta': 2697.8857, 'loss': 0.9104, 'lr': 0.0036, 'params': 135034, 'time_iter': 0.4167, 'accuracy': 0.6781}
val: {'epoch': 59, 'loss': 1.1764, 'lr': 0, 'params': 135034, 'time_iter': 0.1682, 'accuracy': 0.6226}
test: {'epoch': 59, 'loss': 1.2059, 'lr': 0, 'params': 135034, 'time_iter': 0.1472, 'accuracy': 0.6121}
train: {'epoch': 60, 'eta': 2621.0183, 'loss': 0.897, 'lr': 0.0035, 'params': 135034, 'time_iter': 0.3963, 'accuracy': 0.6767}
train: {'epoch': 61, 'eta': 2545.3436, 'loss': 0.9015, 'lr': 0.0033, 'params': 135034, 'time_iter': 0.4014, 'accuracy': 0.6765}
train: {'epoch': 62, 'eta': 2473.9778, 'loss': 0.9024, 'lr': 0.0032, 'params': 135034, 'time_iter': 0.4475, 'accuracy': 0.6819}
train: {'epoch': 63, 'eta': 2399.3846, 'loss': 0.8824, 'lr': 0.003, 'params': 135034, 'time_iter': 0.3994, 'accuracy': 0.6866}
train: {'epoch': 64, 'eta': 2324.9707, 'loss': 0.8825, 'lr': 0.0029, 'params': 135034, 'time_iter': 0.3927, 'accuracy': 0.6892}
train: {'epoch': 65, 'eta': 2251.8065, 'loss': 0.8871, 'lr': 0.0027, 'params': 135034, 'time_iter': 0.4011, 'accuracy': 0.6911}
train: {'epoch': 66, 'eta': 2180.2522, 'loss': 0.8787, 'lr': 0.0026, 'params': 135034, 'time_iter': 0.4167, 'accuracy': 0.6862}
train: {'epoch': 67, 'eta': 2107.956, 'loss': 0.8652, 'lr': 0.0025, 'params': 135034, 'time_iter': 0.3972, 'accuracy': 0.7022}
train: {'epoch': 68, 'eta': 2036.6034, 'loss': 0.8673, 'lr': 0.0023, 'params': 135034, 'time_iter': 0.4036, 'accuracy': 0.6873}
train: {'epoch': 69, 'eta': 1967.6308, 'loss': 0.8527, 'lr': 0.0022, 'params': 135034, 'time_iter': 0.4365, 'accuracy': 0.7012}
train: {'epoch': 70, 'eta': 1897.5005, 'loss': 0.8679, 'lr': 0.0021, 'params': 135034, 'time_iter': 0.4095, 'accuracy': 0.6871}
train: {'epoch': 71, 'eta': 1826.3671, 'loss': 0.8603, 'lr': 0.0019, 'params': 135034, 'time_iter': 0.3817, 'accuracy': 0.6944}
train: {'epoch': 72, 'eta': 1755.1656, 'loss': 0.8672, 'lr': 0.0018, 'params': 135034, 'time_iter': 0.369, 'accuracy': 0.6895}
train: {'epoch': 73, 'eta': 1689.9259, 'loss': 0.8541, 'lr': 0.0017, 'params': 135034, 'time_iter': 0.4838, 'accuracy': 0.6951}
train: {'epoch': 74, 'eta': 1628.7179, 'loss': 0.849, 'lr': 0.0016, 'params': 135034, 'time_iter': 0.5742, 'accuracy': 0.6942}
train: {'epoch': 75, 'eta': 1559.9868, 'loss': 0.8535, 'lr': 0.0015, 'params': 135034, 'time_iter': 0.4045, 'accuracy': 0.6951}
train: {'epoch': 76, 'eta': 1491.6208, 'loss': 0.8475, 'lr': 0.0014, 'params': 135034, 'time_iter': 0.404, 'accuracy': 0.6961}
train: {'epoch': 77, 'eta': 1425.7376, 'loss': 0.8467, 'lr': 0.0012, 'params': 135034, 'time_iter': 0.4602, 'accuracy': 0.6984}
train: {'epoch': 78, 'eta': 1364.6169, 'loss': 0.8371, 'lr': 0.0011, 'params': 135034, 'time_iter': 0.5915, 'accuracy': 0.7015}
train: {'epoch': 79, 'eta': 1304.4703, 'loss': 0.8405, 'lr': 0.001, 'params': 135034, 'time_iter': 0.634, 'accuracy': 0.6987}
val: {'epoch': 79, 'loss': 1.2325, 'lr': 0, 'params': 135034, 'time_iter': 0.1853, 'accuracy': 0.6189}
test: {'epoch': 79, 'loss': 1.2941, 'lr': 0, 'params': 135034, 'time_iter': 0.1708, 'accuracy': 0.6177}
train: {'epoch': 80, 'eta': 1239.2678, 'loss': 0.8369, 'lr': 0.001, 'params': 135034, 'time_iter': 0.4911, 'accuracy': 0.6991}
train: {'epoch': 81, 'eta': 1172.9721, 'loss': 0.8405, 'lr': 0.0009, 'params': 135034, 'time_iter': 0.4537, 'accuracy': 0.6989}
train: {'epoch': 82, 'eta': 1108.6739, 'loss': 0.8461, 'lr': 0.0008, 'params': 135034, 'time_iter': 0.5218, 'accuracy': 0.6968}
train: {'epoch': 83, 'eta': 1043.2075, 'loss': 0.834, 'lr': 0.0007, 'params': 135034, 'time_iter': 0.4805, 'accuracy': 0.7012}
train: {'epoch': 84, 'eta': 977.6717, 'loss': 0.8241, 'lr': 0.0006, 'params': 135034, 'time_iter': 0.4759, 'accuracy': 0.7046}
train: {'epoch': 85, 'eta': 911.8575, 'loss': 0.8253, 'lr': 0.0005, 'params': 135034, 'time_iter': 0.4607, 'accuracy': 0.7071}
train: {'epoch': 86, 'eta': 846.4755, 'loss': 0.8241, 'lr': 0.0005, 'params': 135034, 'time_iter': 0.4772, 'accuracy': 0.7043}
train: {'epoch': 87, 'eta': 780.7988, 'loss': 0.8335, 'lr': 0.0004, 'params': 135034, 'time_iter': 0.4585, 'accuracy': 0.7048}
train: {'epoch': 88, 'eta': 715.1633, 'loss': 0.8335, 'lr': 0.0004, 'params': 135034, 'time_iter': 0.4546, 'accuracy': 0.6963}
train: {'epoch': 89, 'eta': 649.2026, 'loss': 0.8292, 'lr': 0.0003, 'params': 135034, 'time_iter': 0.4248, 'accuracy': 0.7043}
train: {'epoch': 90, 'eta': 583.4541, 'loss': 0.8171, 'lr': 0.0002, 'params': 135034, 'time_iter': 0.4252, 'accuracy': 0.7083}
train: {'epoch': 91, 'eta': 518.5087, 'loss': 0.8156, 'lr': 0.0002, 'params': 135034, 'time_iter': 0.4773, 'accuracy': 0.7074}
train: {'epoch': 92, 'eta': 453.1292, 'loss': 0.8262, 'lr': 0.0002, 'params': 135034, 'time_iter': 0.4308, 'accuracy': 0.702}
train: {'epoch': 93, 'eta': 387.7048, 'loss': 0.8231, 'lr': 0.0001, 'params': 135034, 'time_iter': 0.4052, 'accuracy': 0.7097}
train: {'epoch': 94, 'eta': 323.3457, 'loss': 0.8217, 'lr': 0.0001, 'params': 135034, 'time_iter': 0.5228, 'accuracy': 0.7095}
train: {'epoch': 95, 'eta': 258.2714, 'loss': 0.8139, 'lr': 0.0001, 'params': 135034, 'time_iter': 0.4131, 'accuracy': 0.7137}
train: {'epoch': 96, 'eta': 194.0982, 'loss': 0.824, 'lr': 0.0, 'params': 135034, 'time_iter': 0.5814, 'accuracy': 0.7022}
train: {'epoch': 97, 'eta': 129.2994, 'loss': 0.8135, 'lr': 0.0, 'params': 135034, 'time_iter': 0.4499, 'accuracy': 0.7079}
train: {'epoch': 98, 'eta': 64.6263, 'loss': 0.8204, 'lr': 0.0, 'params': 135034, 'time_iter': 0.4687, 'accuracy': 0.7079}
train: {'epoch': 99, 'eta': 0.0, 'loss': 0.8155, 'lr': 0.0, 'params': 135034, 'time_iter': 0.6991, 'accuracy': 0.7069}
val: {'epoch': 99, 'loss': 1.21, 'lr': 0, 'params': 135034, 'time_iter': 0.1794, 'accuracy': 0.6226}
test: {'epoch': 99, 'loss': 1.2817, 'lr': 0, 'params': 135034, 'time_iter': 0.303, 'accuracy': 0.6064}
Task done, results saved in results/BCDB_Dataset_grid_BCDB_grid/BCDB_Dataset-format=nx-dataset=BCDB-task=graph-trans=False-l_t=gatconv-l_pre=1-l_mp=4-l_post=1-stage=stack-bn=False-act=prelu-drop=0.4-agg=add-optim=adam
Results aggregated across runs saved in results/BCDB_Dataset_grid_BCDB_grid/BCDB_Dataset-format=nx-dataset=BCDB-task=graph-trans=False-l_t=gatconv-l_pre=1-l_mp=4-l_post=1-stage=stack-bn=False-act=prelu-drop=0.4-agg=add-optim=adam/agg
