Load: 30.5s, Before split: 0.04754s, Split: 0.007554s, After split: 0.07076s
GNN(
  (preprocess): Preprocess(
    node_feature: dim_out=2
    Total: dim_out=2
  )
  (pre_mp): GeneralMultiLayer(
    (Layer_0): GeneralLayer(
      (layer): Linear(
        (model): Linear(in_features=2, out_features=256, bias=False)
      )
      (post_layer): Sequential(
        (0): BatchNorm1d(256, eps=1e-05, momentum=0.1, affine=True, track_running_stats=True)
        (1): PReLU(num_parameters=1)
      )
    )
  )
  (mp): GNNStackStage(
    (layer0): GeneralLayer(
      (layer): GCNConv(
        (model): GCNConv(256, 256)
      )
      (post_layer): Sequential(
        (0): BatchNorm1d(256, eps=1e-05, momentum=0.1, affine=True, track_running_stats=True)
        (1): PReLU(num_parameters=1)
      )
    )
    (layer1): GeneralLayer(
      (layer): GCNConv(
        (model): GCNConv(256, 256)
      )
      (post_layer): Sequential(
        (0): BatchNorm1d(256, eps=1e-05, momentum=0.1, affine=True, track_running_stats=True)
        (1): PReLU(num_parameters=1)
      )
    )
  )
  (post_mp): GNNGraphHead(
    (layer_post_mp): MLP(
      (model): Sequential(
        (0): Linear(
          (model): Linear(in_features=256, out_features=7, bias=True)
        )
      )
    )
  )
)
bn:
  eps: 1e-05
  mom: 0.1
cfg_dest: config.yaml
custom_metrics: []
dataset:
  augment_feature: []
  augment_feature_dims: []
  augment_feature_repr: original
  augment_label: 
  augment_label_dims: 0
  cache_load: False
  cache_save: False
  dir: ./datasets
  edge_dim: 128
  edge_encoder: False
  edge_encoder_bn: True
  edge_encoder_name: Bond
  edge_message_ratio: 0.8
  edge_negative_sampling_ratio: 1.0
  edge_train_mode: all
  encoder: True
  encoder_bn: True
  encoder_dim: 128
  encoder_name: db
  format: nx
  label_column: none
  label_table: none
  location: local
  name: BCDB
  node_encoder: False
  node_encoder_bn: True
  node_encoder_name: Atom
  remove_feature: False
  resample_disjoint: False
  resample_negative: False
  shuffle_split: True
  split: [0.8, 0.1, 0.1]
  split_mode: random
  task: graph
  task_type: classification
  to_undirected: False
  transductive: False
  transform: none
  tu_simple: True
device: cpu
example_arg: example
example_group:
  example_arg: example
gnn:
  act: prelu
  agg: add
  att_final_linear: False
  att_final_linear_bn: False
  att_heads: 1
  batchnorm: True
  clear_feature: True
  dim_inner: 256
  dropout: 0.0
  flow: source_to_target
  head: graph
  keep_edge: 0.5
  l2norm: True
  layer_type: gcnconv
  layers_mp: 2
  layers_post_mp: 1
  layers_pre_mp: 1
  msg_direction: single
  normalize_adj: False
  self_msg: concat
  skip_every: 1
  stage_type: stack
gpu_mem: False
mem:
  inplace: False
metric_agg: argmax
metric_best: auto
model:
  edge_decoding: dot
  graph_pooling: add
  loss_fun: cross_entropy
  match_upper: True
  size_average: mean
  thresh: 0.5
  type: gnn
num_threads: 6
num_workers: 0
optim:
  base_lr: 0.01
  lr_decay: 0.1
  max_epoch: 100
  momentum: 0.9
  optimizer: adam
  scheduler: cos
  steps: [30, 60, 90]
  weight_decay: 0.0005
out_dir: results/BCDB_Dataset
params: 134920
print: both
round: 4
run_dir: results/BCDB_Dataset/1
seed: 2
share:
  dim_in: 2
  dim_out: 7
  num_splits: 3
tensorboard_agg: True
tensorboard_each_run: False
train:
  auto_resume: False
  batch_size: 32
  ckpt_clean: True
  ckpt_period: 100
  enable_ckpt: True
  epoch_resume: -1
  eval_period: 20
  iter_per_epoch: 32
  mode: standard
  neighbor_sizes: [20, 15, 10, 5]
  node_per_graph: 32
  radius: extend
  sample_node: False
  sampler: full_batch
  skip_train_eval: False
  walk_length: 4
val:
  node_per_graph: 32
  radius: extend
  sample_node: False
  sampler: full_batch
view_emb: False
Num parameters: 134920
Start from epoch 0
train: {'epoch': 0, 'eta': 452.674, 'loss': 1.41, 'lr': 0.01, 'params': 134920, 'time_iter': 0.0344, 'accuracy': 0.5645}
val: {'epoch': 0, 'loss': 1.2165, 'lr': 0, 'params': 134920, 'time_iter': 0.0118, 'accuracy': 0.6453}
test: {'epoch': 0, 'loss': 1.349, 'lr': 0, 'params': 134920, 'time_iter': 0.0127, 'accuracy': 0.5763}
train: {'epoch': 1, 'eta': 399.4774, 'loss': 1.2488, 'lr': 0.01, 'params': 134920, 'time_iter': 0.0269, 'accuracy': 0.5994}
train: {'epoch': 2, 'eta': 370.2466, 'loss': 1.219, 'lr': 0.01, 'params': 134920, 'time_iter': 0.0248, 'accuracy': 0.6086}
train: {'epoch': 3, 'eta': 389.1383, 'loss': 1.2209, 'lr': 0.01, 'params': 134920, 'time_iter': 0.0358, 'accuracy': 0.605}
train: {'epoch': 4, 'eta': 410.7925, 'loss': 1.1917, 'lr': 0.01, 'params': 134920, 'time_iter': 0.0407, 'accuracy': 0.6079}
train: {'epoch': 5, 'eta': 494.4616, 'loss': 1.1785, 'lr': 0.0099, 'params': 134920, 'time_iter': 0.0747, 'accuracy': 0.6157}
train: {'epoch': 6, 'eta': 531.5721, 'loss': 1.1818, 'lr': 0.0099, 'params': 134920, 'time_iter': 0.0635, 'accuracy': 0.6161}
train: {'epoch': 7, 'eta': 499.6025, 'loss': 1.1649, 'lr': 0.0099, 'params': 134920, 'time_iter': 0.0258, 'accuracy': 0.602}
train: {'epoch': 8, 'eta': 474.1766, 'loss': 1.1492, 'lr': 0.0098, 'params': 134920, 'time_iter': 0.026, 'accuracy': 0.6072}
train: {'epoch': 9, 'eta': 450.3006, 'loss': 1.098, 'lr': 0.0098, 'params': 134920, 'time_iter': 0.0236, 'accuracy': 0.6312}
train: {'epoch': 10, 'eta': 430.9862, 'loss': 1.0854, 'lr': 0.0098, 'params': 134920, 'time_iter': 0.0243, 'accuracy': 0.6234}
train: {'epoch': 11, 'eta': 410.4424, 'loss': 1.0548, 'lr': 0.0097, 'params': 134920, 'time_iter': 0.0203, 'accuracy': 0.6383}
train: {'epoch': 12, 'eta': 393.2474, 'loss': 1.0238, 'lr': 0.0096, 'params': 134920, 'time_iter': 0.021, 'accuracy': 0.6496}
train: {'epoch': 13, 'eta': 378.6417, 'loss': 1.0091, 'lr': 0.0096, 'params': 134920, 'time_iter': 0.0216, 'accuracy': 0.6491}
train: {'epoch': 14, 'eta': 368.4502, 'loss': 0.9981, 'lr': 0.0095, 'params': 134920, 'time_iter': 0.0254, 'accuracy': 0.6531}
train: {'epoch': 15, 'eta': 356.9449, 'loss': 0.9843, 'lr': 0.0095, 'params': 134920, 'time_iter': 0.0223, 'accuracy': 0.651}
train: {'epoch': 16, 'eta': 350.0903, 'loss': 0.9562, 'lr': 0.0094, 'params': 134920, 'time_iter': 0.0279, 'accuracy': 0.6612}
train: {'epoch': 17, 'eta': 343.2796, 'loss': 0.9561, 'lr': 0.0093, 'params': 134920, 'time_iter': 0.0274, 'accuracy': 0.6605}
train: {'epoch': 18, 'eta': 338.1069, 'loss': 0.9195, 'lr': 0.0092, 'params': 134920, 'time_iter': 0.0297, 'accuracy': 0.6697}
train: {'epoch': 19, 'eta': 342.0252, 'loss': 0.9261, 'lr': 0.0091, 'params': 134920, 'time_iter': 0.0466, 'accuracy': 0.6739}
val: {'epoch': 19, 'loss': 1.1449, 'lr': 0, 'params': 134920, 'time_iter': 0.0315, 'accuracy': 0.6755}
test: {'epoch': 19, 'loss': 1.2491, 'lr': 0, 'params': 134920, 'time_iter': 0.0346, 'accuracy': 0.6271}
train: {'epoch': 20, 'eta': 340.0673, 'loss': 0.9331, 'lr': 0.009, 'params': 134920, 'time_iter': 0.0368, 'accuracy': 0.664}
train: {'epoch': 21, 'eta': 334.447, 'loss': 0.9065, 'lr': 0.009, 'params': 134920, 'time_iter': 0.0296, 'accuracy': 0.6763}
train: {'epoch': 22, 'eta': 338.3906, 'loss': 0.9133, 'lr': 0.0089, 'params': 134920, 'time_iter': 0.0507, 'accuracy': 0.6746}
train: {'epoch': 23, 'eta': 331.6194, 'loss': 0.8928, 'lr': 0.0088, 'params': 134920, 'time_iter': 0.0274, 'accuracy': 0.6786}
train: {'epoch': 24, 'eta': 322.4923, 'loss': 0.8678, 'lr': 0.0086, 'params': 134920, 'time_iter': 0.0209, 'accuracy': 0.6826}
train: {'epoch': 25, 'eta': 316.8972, 'loss': 0.8733, 'lr': 0.0085, 'params': 134920, 'time_iter': 0.0289, 'accuracy': 0.6791}
train: {'epoch': 26, 'eta': 318.9926, 'loss': 0.8686, 'lr': 0.0084, 'params': 134920, 'time_iter': 0.0499, 'accuracy': 0.6855}
train: {'epoch': 27, 'eta': 316.6217, 'loss': 0.8531, 'lr': 0.0083, 'params': 134920, 'time_iter': 0.0387, 'accuracy': 0.6855}
train: {'epoch': 28, 'eta': 308.4782, 'loss': 0.8434, 'lr': 0.0082, 'params': 134920, 'time_iter': 0.0216, 'accuracy': 0.6904}
train: {'epoch': 29, 'eta': 301.9714, 'loss': 0.8546, 'lr': 0.0081, 'params': 134920, 'time_iter': 0.0257, 'accuracy': 0.685}
train: {'epoch': 30, 'eta': 294.186, 'loss': 0.8374, 'lr': 0.0079, 'params': 134920, 'time_iter': 0.0207, 'accuracy': 0.6954}
train: {'epoch': 31, 'eta': 287.6248, 'loss': 0.8514, 'lr': 0.0078, 'params': 134920, 'time_iter': 0.0239, 'accuracy': 0.6862}
train: {'epoch': 32, 'eta': 281.3407, 'loss': 0.8592, 'lr': 0.0077, 'params': 134920, 'time_iter': 0.0242, 'accuracy': 0.6817}
train: {'epoch': 33, 'eta': 276.8779, 'loss': 0.8178, 'lr': 0.0075, 'params': 134920, 'time_iter': 0.0306, 'accuracy': 0.6892}
train: {'epoch': 34, 'eta': 273.3203, 'loss': 0.8191, 'lr': 0.0074, 'params': 134920, 'time_iter': 0.0341, 'accuracy': 0.6965}
train: {'epoch': 35, 'eta': 272.4073, 'loss': 0.8252, 'lr': 0.0073, 'params': 134920, 'time_iter': 0.0455, 'accuracy': 0.6878}
train: {'epoch': 36, 'eta': 275.5088, 'loss': 0.8244, 'lr': 0.0071, 'params': 134920, 'time_iter': 0.0645, 'accuracy': 0.6873}
train: {'epoch': 37, 'eta': 282.2979, 'loss': 0.7961, 'lr': 0.007, 'params': 134920, 'time_iter': 0.0843, 'accuracy': 0.7008}
train: {'epoch': 38, 'eta': 293.8127, 'loss': 0.8016, 'lr': 0.0068, 'params': 134920, 'time_iter': 0.1115, 'accuracy': 0.6977}
train: {'epoch': 39, 'eta': 299.785, 'loss': 0.8002, 'lr': 0.0067, 'params': 134920, 'time_iter': 0.0903, 'accuracy': 0.6961}
val: {'epoch': 39, 'loss': 0.7493, 'lr': 0, 'params': 134920, 'time_iter': 0.0397, 'accuracy': 0.7019}
test: {'epoch': 39, 'loss': 0.7707, 'lr': 0, 'params': 134920, 'time_iter': 0.0541, 'accuracy': 0.6911}
train: {'epoch': 40, 'eta': 306.7738, 'loss': 0.7907, 'lr': 0.0065, 'params': 134920, 'time_iter': 0.1002, 'accuracy': 0.7022}
train: {'epoch': 41, 'eta': 315.8367, 'loss': 0.7863, 'lr': 0.0064, 'params': 134920, 'time_iter': 0.1167, 'accuracy': 0.7005}
train: {'epoch': 42, 'eta': 326.5403, 'loss': 0.7869, 'lr': 0.0062, 'params': 134920, 'time_iter': 0.1325, 'accuracy': 0.7012}
train: {'epoch': 43, 'eta': 334.1411, 'loss': 0.7815, 'lr': 0.0061, 'params': 134920, 'time_iter': 0.1218, 'accuracy': 0.7027}
train: {'epoch': 44, 'eta': 344.1377, 'loss': 0.7838, 'lr': 0.0059, 'params': 134920, 'time_iter': 0.1431, 'accuracy': 0.7029}
train: {'epoch': 45, 'eta': 349.1154, 'loss': 0.7934, 'lr': 0.0058, 'params': 134920, 'time_iter': 0.119, 'accuracy': 0.6982}
train: {'epoch': 46, 'eta': 350.2121, 'loss': 0.7712, 'lr': 0.0056, 'params': 134920, 'time_iter': 0.099, 'accuracy': 0.7043}
train: {'epoch': 47, 'eta': 351.1414, 'loss': 0.7662, 'lr': 0.0055, 'params': 134920, 'time_iter': 0.102, 'accuracy': 0.7064}
train: {'epoch': 48, 'eta': 353.5873, 'loss': 0.764, 'lr': 0.0053, 'params': 134920, 'time_iter': 0.1172, 'accuracy': 0.7048}
train: {'epoch': 49, 'eta': 351.6103, 'loss': 0.7675, 'lr': 0.0052, 'params': 134920, 'time_iter': 0.0894, 'accuracy': 0.6994}
train: {'epoch': 50, 'eta': 353.0274, 'loss': 0.759, 'lr': 0.005, 'params': 134920, 'time_iter': 0.119, 'accuracy': 0.7048}
train: {'epoch': 51, 'eta': 355.2738, 'loss': 0.7588, 'lr': 0.0048, 'params': 134920, 'time_iter': 0.1312, 'accuracy': 0.7031}
train: {'epoch': 52, 'eta': 354.7595, 'loss': 0.7419, 'lr': 0.0047, 'params': 134920, 'time_iter': 0.114, 'accuracy': 0.7145}
train: {'epoch': 53, 'eta': 354.3862, 'loss': 0.7819, 'lr': 0.0045, 'params': 134920, 'time_iter': 0.1201, 'accuracy': 0.6954}
train: {'epoch': 54, 'eta': 353.1096, 'loss': 0.7514, 'lr': 0.0044, 'params': 134920, 'time_iter': 0.117, 'accuracy': 0.7074}
train: {'epoch': 55, 'eta': 350.0257, 'loss': 0.7426, 'lr': 0.0042, 'params': 134920, 'time_iter': 0.1046, 'accuracy': 0.7114}
train: {'epoch': 56, 'eta': 345.6261, 'loss': 0.7354, 'lr': 0.0041, 'params': 134920, 'time_iter': 0.0952, 'accuracy': 0.7104}
train: {'epoch': 57, 'eta': 345.55, 'loss': 0.7484, 'lr': 0.0039, 'params': 134920, 'time_iter': 0.1431, 'accuracy': 0.7083}
train: {'epoch': 58, 'eta': 342.4816, 'loss': 0.7461, 'lr': 0.0038, 'params': 134920, 'time_iter': 0.1177, 'accuracy': 0.7095}
train: {'epoch': 59, 'eta': 338.6488, 'loss': 0.7293, 'lr': 0.0036, 'params': 134920, 'time_iter': 0.1138, 'accuracy': 0.7182}
val: {'epoch': 59, 'loss': 0.701, 'lr': 0, 'params': 134920, 'time_iter': 0.0485, 'accuracy': 0.7189}
test: {'epoch': 59, 'loss': 0.6805, 'lr': 0, 'params': 134920, 'time_iter': 0.0633, 'accuracy': 0.725}
train: {'epoch': 60, 'eta': 339.0481, 'loss': 0.7437, 'lr': 0.0035, 'params': 134920, 'time_iter': 0.1679, 'accuracy': 0.7119}
train: {'epoch': 61, 'eta': 335.2179, 'loss': 0.7398, 'lr': 0.0033, 'params': 134920, 'time_iter': 0.125, 'accuracy': 0.7121}
train: {'epoch': 62, 'eta': 333.0711, 'loss': 0.7291, 'lr': 0.0032, 'params': 134920, 'time_iter': 0.1518, 'accuracy': 0.7166}
train: {'epoch': 63, 'eta': 328.866, 'loss': 0.7179, 'lr': 0.003, 'params': 134920, 'time_iter': 0.1318, 'accuracy': 0.7107}
train: {'epoch': 64, 'eta': 326.0635, 'loss': 0.7328, 'lr': 0.0029, 'params': 134920, 'time_iter': 0.1571, 'accuracy': 0.7088}
train: {'epoch': 65, 'eta': 322.057, 'loss': 0.7172, 'lr': 0.0027, 'params': 134920, 'time_iter': 0.1475, 'accuracy': 0.7163}
train: {'epoch': 66, 'eta': 317.7644, 'loss': 0.7226, 'lr': 0.0026, 'params': 134920, 'time_iter': 0.1503, 'accuracy': 0.7182}
train: {'epoch': 67, 'eta': 313.1633, 'loss': 0.7089, 'lr': 0.0025, 'params': 134920, 'time_iter': 0.1527, 'accuracy': 0.7147}
train: {'epoch': 68, 'eta': 308.4791, 'loss': 0.7152, 'lr': 0.0023, 'params': 134920, 'time_iter': 0.159, 'accuracy': 0.7208}
train: {'epoch': 69, 'eta': 304.3749, 'loss': 0.7024, 'lr': 0.0022, 'params': 134920, 'time_iter': 0.1774, 'accuracy': 0.7213}
train: {'epoch': 70, 'eta': 299.6123, 'loss': 0.705, 'lr': 0.0021, 'params': 134920, 'time_iter': 0.1754, 'accuracy': 0.7232}
train: {'epoch': 71, 'eta': 294.0173, 'loss': 0.7041, 'lr': 0.0019, 'params': 134920, 'time_iter': 0.1693, 'accuracy': 0.7185}
train: {'epoch': 72, 'eta': 287.6657, 'loss': 0.6976, 'lr': 0.0018, 'params': 134920, 'time_iter': 0.1633, 'accuracy': 0.7194}
train: {'epoch': 73, 'eta': 281.6248, 'loss': 0.7025, 'lr': 0.0017, 'params': 134920, 'time_iter': 0.1788, 'accuracy': 0.7234}
train: {'epoch': 74, 'eta': 274.5841, 'loss': 0.7107, 'lr': 0.0016, 'params': 134920, 'time_iter': 0.167, 'accuracy': 0.7232}
train: {'epoch': 75, 'eta': 268.3985, 'loss': 0.702, 'lr': 0.0015, 'params': 134920, 'time_iter': 0.1968, 'accuracy': 0.7196}
train: {'epoch': 76, 'eta': 260.4113, 'loss': 0.6859, 'lr': 0.0014, 'params': 134920, 'time_iter': 0.1645, 'accuracy': 0.7255}
train: {'epoch': 77, 'eta': 252.5364, 'loss': 0.6826, 'lr': 0.0012, 'params': 134920, 'time_iter': 0.177, 'accuracy': 0.7237}
train: {'epoch': 78, 'eta': 244.1532, 'loss': 0.6772, 'lr': 0.0011, 'params': 134920, 'time_iter': 0.1739, 'accuracy': 0.7265}
train: {'epoch': 79, 'eta': 235.2604, 'loss': 0.6843, 'lr': 0.001, 'params': 134920, 'time_iter': 0.1696, 'accuracy': 0.722}
val: {'epoch': 79, 'loss': 0.6559, 'lr': 0, 'params': 134920, 'time_iter': 0.071, 'accuracy': 0.7566}
test: {'epoch': 79, 'loss': 0.6602, 'lr': 0, 'params': 134920, 'time_iter': 0.0793, 'accuracy': 0.7476}
train: {'epoch': 80, 'eta': 226.3747, 'loss': 0.6839, 'lr': 0.001, 'params': 134920, 'time_iter': 0.1807, 'accuracy': 0.7222}
train: {'epoch': 81, 'eta': 217.1484, 'loss': 0.6826, 'lr': 0.0009, 'params': 134920, 'time_iter': 0.1817, 'accuracy': 0.7267}
train: {'epoch': 82, 'eta': 207.4684, 'loss': 0.6883, 'lr': 0.0008, 'params': 134920, 'time_iter': 0.1782, 'accuracy': 0.7239}
train: {'epoch': 83, 'eta': 197.3526, 'loss': 0.6672, 'lr': 0.0007, 'params': 134920, 'time_iter': 0.1742, 'accuracy': 0.7321}
train: {'epoch': 84, 'eta': 186.9924, 'loss': 0.6723, 'lr': 0.0006, 'params': 134920, 'time_iter': 0.1769, 'accuracy': 0.7317}
train: {'epoch': 85, 'eta': 176.3991, 'loss': 0.6667, 'lr': 0.0005, 'params': 134920, 'time_iter': 0.1802, 'accuracy': 0.7265}
train: {'epoch': 86, 'eta': 165.5618, 'loss': 0.6768, 'lr': 0.0005, 'params': 134920, 'time_iter': 0.1834, 'accuracy': 0.7232}
train: {'epoch': 87, 'eta': 154.2625, 'loss': 0.6661, 'lr': 0.0004, 'params': 134920, 'time_iter': 0.1749, 'accuracy': 0.7279}
train: {'epoch': 88, 'eta': 142.6887, 'loss': 0.6645, 'lr': 0.0004, 'params': 134920, 'time_iter': 0.1746, 'accuracy': 0.7295}
train: {'epoch': 89, 'eta': 130.9438, 'loss': 0.661, 'lr': 0.0003, 'params': 134920, 'time_iter': 0.1805, 'accuracy': 0.7258}
train: {'epoch': 90, 'eta': 118.9237, 'loss': 0.662, 'lr': 0.0002, 'params': 134920, 'time_iter': 0.1801, 'accuracy': 0.7265}
train: {'epoch': 91, 'eta': 106.6112, 'loss': 0.6674, 'lr': 0.0002, 'params': 134920, 'time_iter': 0.1773, 'accuracy': 0.731}
train: {'epoch': 92, 'eta': 94.0684, 'loss': 0.6641, 'lr': 0.0002, 'params': 134920, 'time_iter': 0.1785, 'accuracy': 0.7326}
train: {'epoch': 93, 'eta': 81.2664, 'loss': 0.6708, 'lr': 0.0001, 'params': 134920, 'time_iter': 0.176, 'accuracy': 0.7281}
train: {'epoch': 94, 'eta': 68.3093, 'loss': 0.6638, 'lr': 0.0001, 'params': 134920, 'time_iter': 0.1857, 'accuracy': 0.7244}
train: {'epoch': 95, 'eta': 55.0534, 'loss': 0.657, 'lr': 0.0001, 'params': 134920, 'time_iter': 0.176, 'accuracy': 0.7345}
train: {'epoch': 96, 'eta': 41.6766, 'loss': 0.67, 'lr': 0.0, 'params': 134920, 'time_iter': 0.1974, 'accuracy': 0.7281}
train: {'epoch': 97, 'eta': 27.9644, 'loss': 0.6583, 'lr': 0.0, 'params': 134920, 'time_iter': 0.1708, 'accuracy': 0.7364}
train: {'epoch': 98, 'eta': 14.0897, 'loss': 0.6648, 'lr': 0.0, 'params': 134920, 'time_iter': 0.1851, 'accuracy': 0.73}
train: {'epoch': 99, 'eta': 0.0, 'loss': 0.6615, 'lr': 0.0, 'params': 134920, 'time_iter': 0.1759, 'accuracy': 0.7343}
val: {'epoch': 99, 'loss': 0.6476, 'lr': 0, 'params': 134920, 'time_iter': 0.066, 'accuracy': 0.7434}
test: {'epoch': 99, 'loss': 0.637, 'lr': 0, 'params': 134920, 'time_iter': 0.0768, 'accuracy': 0.7213}
Task done, results saved in results/BCDB_Dataset
