Load: 41.01s, Before split: 0.0824s, Split: 0.002693s, After split: 0.2494s
GNN(
  (preprocess): Preprocess(
    node_feature: dim_out=2
    Total: dim_out=2
  )
  (pre_mp): GeneralMultiLayer(
    (Layer_0): GeneralLayer(
      (layer): Linear(
        (model): Linear(in_features=2, out_features=181, bias=True)
      )
      (post_layer): Sequential(
        (0): Dropout(p=0.4, inplace=False)
        (1): PReLU(num_parameters=1)
      )
    )
  )
  (mp): GNNStackStage(
    (layer0): GeneralLayer(
      (layer): GATConv(
        (model): GATConv(181, 181, heads=1)
      )
      (post_layer): Sequential(
        (0): Dropout(p=0.4, inplace=False)
        (1): PReLU(num_parameters=1)
      )
    )
    (layer1): GeneralLayer(
      (layer): GATConv(
        (model): GATConv(181, 181, heads=1)
      )
      (post_layer): Sequential(
        (0): Dropout(p=0.4, inplace=False)
        (1): PReLU(num_parameters=1)
      )
    )
    (layer2): GeneralLayer(
      (layer): GATConv(
        (model): GATConv(181, 181, heads=1)
      )
      (post_layer): Sequential(
        (0): Dropout(p=0.4, inplace=False)
        (1): PReLU(num_parameters=1)
      )
    )
    (layer3): GeneralLayer(
      (layer): GATConv(
        (model): GATConv(181, 181, heads=1)
      )
      (post_layer): Sequential(
        (0): Dropout(p=0.4, inplace=False)
        (1): PReLU(num_parameters=1)
      )
    )
  )
  (post_mp): GNNGraphHead(
    (layer_post_mp): MLP(
      (model): Sequential(
        (0): Linear(
          (model): Linear(in_features=181, out_features=7, bias=True)
        )
      )
    )
  )
)
bn:
  eps: 1e-05
  mom: 0.1
cfg_dest: config.yaml
custom_metrics: []
dataset:
  augment_feature: []
  augment_feature_dims: []
  augment_feature_repr: original
  augment_label: 
  augment_label_dims: 0
  cache_load: False
  cache_save: False
  dir: ./datasets
  edge_dim: 128
  edge_encoder: False
  edge_encoder_bn: True
  edge_encoder_name: Bond
  edge_message_ratio: 0.8
  edge_negative_sampling_ratio: 1.0
  edge_train_mode: all
  encoder: True
  encoder_bn: True
  encoder_dim: 128
  encoder_name: db
  format: nx
  label_column: none
  label_table: none
  location: local
  name: BCDB
  node_encoder: False
  node_encoder_bn: True
  node_encoder_name: Atom
  remove_feature: False
  resample_disjoint: False
  resample_negative: False
  shuffle_split: True
  split: [0.8, 0.1, 0.1]
  split_mode: random
  task: graph
  task_type: classification
  to_undirected: False
  transductive: False
  transform: none
  tu_simple: True
device: cpu
example_arg: example
example_group:
  example_arg: example
gnn:
  act: prelu
  agg: max
  att_final_linear: False
  att_final_linear_bn: False
  att_heads: 1
  batchnorm: False
  clear_feature: True
  dim_inner: 181
  dropout: 0.4
  flow: source_to_target
  head: graph
  keep_edge: 0.5
  l2norm: True
  layer_type: gatconv
  layers_mp: 4
  layers_post_mp: 1
  layers_pre_mp: 1
  msg_direction: single
  normalize_adj: False
  self_msg: concat
  skip_every: 1
  stage_type: stack
gpu_mem: False
mem:
  inplace: False
metric_agg: argmax
metric_best: auto
model:
  edge_decoding: dot
  graph_pooling: add
  loss_fun: cross_entropy
  match_upper: True
  size_average: mean
  thresh: 0.5
  type: gnn
num_threads: 6
num_workers: 0
optim:
  base_lr: 0.01
  lr_decay: 0.1
  max_epoch: 100
  momentum: 0.9
  optimizer: adam
  scheduler: cos
  steps: [30, 60, 90]
  weight_decay: 0.0005
out_dir: results/BCDB_Dataset_grid_BCDB_grid/BCDB_Dataset-format=nx-dataset=BCDB-task=graph-trans=False-l_t=gatconv-l_pre=1-l_mp=4-l_post=1-stage=stack-bn=False-act=prelu-drop=0.4-agg=max-optim=adam
print: both
round: 4
run_dir: results/BCDB_Dataset_grid_BCDB_grid/BCDB_Dataset-format=nx-dataset=BCDB-task=graph-trans=False-l_t=gatconv-l_pre=1-l_mp=4-l_post=1-stage=stack-bn=False-act=prelu-drop=0.4-agg=max-optim=adam/0
seed: 1
share:
  dim_in: 2
  dim_out: 7
  num_splits: 3
tensorboard_agg: True
tensorboard_each_run: False
train:
  auto_resume: False
  batch_size: 32
  ckpt_clean: True
  ckpt_period: 100
  enable_ckpt: True
  epoch_resume: -1
  eval_period: 20
  iter_per_epoch: 32
  mode: standard
  neighbor_sizes: [20, 15, 10, 5]
  node_per_graph: 32
  radius: extend
  sample_node: False
  sampler: full_batch
  skip_train_eval: False
  walk_length: 4
val:
  node_per_graph: 32
  radius: extend
  sample_node: False
  sampler: full_batch
view_emb: False
Num parameters: 135034
Start from epoch 0
train: {'epoch': 0, 'eta': 6902.6415, 'loss': 1.9356, 'lr': 0.01, 'params': 135034, 'time_iter': 0.5242, 'accuracy': 0.4556}
val: {'epoch': 0, 'loss': 1.68, 'lr': 0, 'params': 135034, 'time_iter': 0.1873, 'accuracy': 0.4906}
test: {'epoch': 0, 'loss': 1.7194, 'lr': 0, 'params': 135034, 'time_iter': 0.153, 'accuracy': 0.4915}
train: {'epoch': 1, 'eta': 6655.1719, 'loss': 1.495, 'lr': 0.01, 'params': 135034, 'time_iter': 0.497, 'accuracy': 0.511}
train: {'epoch': 2, 'eta': 6530.943, 'loss': 1.4269, 'lr': 0.01, 'params': 135034, 'time_iter': 0.4975, 'accuracy': 0.5183}
train: {'epoch': 3, 'eta': 6580.7266, 'loss': 1.3983, 'lr': 0.01, 'params': 135034, 'time_iter': 0.5429, 'accuracy': 0.5235}
train: {'epoch': 4, 'eta': 6425.9794, 'loss': 1.3774, 'lr': 0.01, 'params': 135034, 'time_iter': 0.4813, 'accuracy': 0.5277}
train: {'epoch': 5, 'eta': 6251.0451, 'loss': 1.3891, 'lr': 0.0099, 'params': 135034, 'time_iter': 0.4571, 'accuracy': 0.5192}
train: {'epoch': 6, 'eta': 6053.3598, 'loss': 1.368, 'lr': 0.0099, 'params': 135034, 'time_iter': 0.4258, 'accuracy': 0.5171}
train: {'epoch': 7, 'eta': 6268.9814, 'loss': 1.3729, 'lr': 0.0099, 'params': 135034, 'time_iter': 0.6729, 'accuracy': 0.5138}
train: {'epoch': 8, 'eta': 6177.8652, 'loss': 1.3631, 'lr': 0.0098, 'params': 135034, 'time_iter': 0.4953, 'accuracy': 0.5218}
train: {'epoch': 9, 'eta': 6093.6653, 'loss': 1.3612, 'lr': 0.0098, 'params': 135034, 'time_iter': 0.4968, 'accuracy': 0.5256}
train: {'epoch': 10, 'eta': 5978.0745, 'loss': 1.3563, 'lr': 0.0098, 'params': 135034, 'time_iter': 0.4646, 'accuracy': 0.5216}
train: {'epoch': 11, 'eta': 5915.0335, 'loss': 1.3555, 'lr': 0.0097, 'params': 135034, 'time_iter': 0.5093, 'accuracy': 0.5268}
train: {'epoch': 12, 'eta': 5849.6258, 'loss': 1.3457, 'lr': 0.0096, 'params': 135034, 'time_iter': 0.5074, 'accuracy': 0.5253}
train: {'epoch': 13, 'eta': 5742.0422, 'loss': 1.3307, 'lr': 0.0096, 'params': 135034, 'time_iter': 0.4562, 'accuracy': 0.5305}
train: {'epoch': 14, 'eta': 5683.6579, 'loss': 1.3237, 'lr': 0.0095, 'params': 135034, 'time_iter': 0.5131, 'accuracy': 0.5348}
train: {'epoch': 15, 'eta': 5652.9322, 'loss': 1.337, 'lr': 0.0095, 'params': 135034, 'time_iter': 0.5545, 'accuracy': 0.5277}
train: {'epoch': 16, 'eta': 5608.8207, 'loss': 1.3274, 'lr': 0.0094, 'params': 135034, 'time_iter': 0.5417, 'accuracy': 0.5218}
train: {'epoch': 17, 'eta': 5675.7039, 'loss': 1.3593, 'lr': 0.0093, 'params': 135034, 'time_iter': 0.73, 'accuracy': 0.5211}
train: {'epoch': 18, 'eta': 5719.4574, 'loss': 1.3308, 'lr': 0.0092, 'params': 135034, 'time_iter': 0.7197, 'accuracy': 0.5256}
train: {'epoch': 19, 'eta': 5727.4979, 'loss': 1.3279, 'lr': 0.0091, 'params': 135034, 'time_iter': 0.6787, 'accuracy': 0.5492}
val: {'epoch': 19, 'loss': 1.2702, 'lr': 0, 'params': 135034, 'time_iter': 0.2171, 'accuracy': 0.5906}
test: {'epoch': 19, 'loss': 1.3128, 'lr': 0, 'params': 135034, 'time_iter': 0.1974, 'accuracy': 0.597}
train: {'epoch': 20, 'eta': 5692.4936, 'loss': 1.2611, 'lr': 0.009, 'params': 135034, 'time_iter': 0.6114, 'accuracy': 0.577}
train: {'epoch': 21, 'eta': 5639.6034, 'loss': 1.2112, 'lr': 0.009, 'params': 135034, 'time_iter': 0.5824, 'accuracy': 0.5904}
train: {'epoch': 22, 'eta': 5683.065, 'loss': 1.1208, 'lr': 0.0089, 'params': 135034, 'time_iter': 0.8036, 'accuracy': 0.618}
train: {'epoch': 23, 'eta': 5606.2046, 'loss': 1.1495, 'lr': 0.0088, 'params': 135034, 'time_iter': 0.5477, 'accuracy': 0.6119}
train: {'epoch': 24, 'eta': 5550.2321, 'loss': 1.0701, 'lr': 0.0086, 'params': 135034, 'time_iter': 0.5992, 'accuracy': 0.6251}
train: {'epoch': 25, 'eta': 5471.4195, 'loss': 1.0807, 'lr': 0.0085, 'params': 135034, 'time_iter': 0.5437, 'accuracy': 0.6253}
train: {'epoch': 26, 'eta': 5558.2022, 'loss': 1.0606, 'lr': 0.0084, 'params': 135034, 'time_iter': 1.0029, 'accuracy': 0.6253}
train: {'epoch': 27, 'eta': 5503.6075, 'loss': 1.0648, 'lr': 0.0083, 'params': 135034, 'time_iter': 0.6355, 'accuracy': 0.6244}
train: {'epoch': 28, 'eta': 5462.0652, 'loss': 1.0532, 'lr': 0.0082, 'params': 135034, 'time_iter': 0.6819, 'accuracy': 0.6298}
train: {'epoch': 29, 'eta': 5393.5351, 'loss': 1.0521, 'lr': 0.0081, 'params': 135034, 'time_iter': 0.6055, 'accuracy': 0.6234}
train: {'epoch': 30, 'eta': 5315.9789, 'loss': 1.0356, 'lr': 0.0079, 'params': 135034, 'time_iter': 0.5776, 'accuracy': 0.6359}
train: {'epoch': 31, 'eta': 5234.9157, 'loss': 1.036, 'lr': 0.0078, 'params': 135034, 'time_iter': 0.565, 'accuracy': 0.6324}
train: {'epoch': 32, 'eta': 5150.8598, 'loss': 1.0264, 'lr': 0.0077, 'params': 135034, 'time_iter': 0.5526, 'accuracy': 0.6291}
train: {'epoch': 33, 'eta': 5096.838, 'loss': 1.0193, 'lr': 0.0075, 'params': 135034, 'time_iter': 0.6666, 'accuracy': 0.6437}
train: {'epoch': 34, 'eta': 5019.7658, 'loss': 1.0242, 'lr': 0.0074, 'params': 135034, 'time_iter': 0.5813, 'accuracy': 0.635}
train: {'epoch': 35, 'eta': 4951.6184, 'loss': 0.9959, 'lr': 0.0073, 'params': 135034, 'time_iter': 0.6191, 'accuracy': 0.6456}
train: {'epoch': 36, 'eta': 4891.9181, 'loss': 0.9858, 'lr': 0.0071, 'params': 135034, 'time_iter': 0.6597, 'accuracy': 0.6435}
train: {'epoch': 37, 'eta': 4809.8378, 'loss': 0.9973, 'lr': 0.007, 'params': 135034, 'time_iter': 0.5634, 'accuracy': 0.6432}
train: {'epoch': 38, 'eta': 4757.9179, 'loss': 0.977, 'lr': 0.0068, 'params': 135034, 'time_iter': 0.7066, 'accuracy': 0.6529}
train: {'epoch': 39, 'eta': 4674.6068, 'loss': 0.9849, 'lr': 0.0067, 'params': 135034, 'time_iter': 0.5598, 'accuracy': 0.6553}
val: {'epoch': 39, 'loss': 1.1522, 'lr': 0, 'params': 135034, 'time_iter': 0.1939, 'accuracy': 0.6}
test: {'epoch': 39, 'loss': 1.1756, 'lr': 0, 'params': 135034, 'time_iter': 0.3629, 'accuracy': 0.5876}
train: {'epoch': 40, 'eta': 4587.0519, 'loss': 0.9896, 'lr': 0.0065, 'params': 135034, 'time_iter': 0.5354, 'accuracy': 0.6465}
train: {'epoch': 41, 'eta': 4501.4164, 'loss': 0.9813, 'lr': 0.0064, 'params': 135034, 'time_iter': 0.5416, 'accuracy': 0.6501}
train: {'epoch': 42, 'eta': 4418.6733, 'loss': 0.9816, 'lr': 0.0062, 'params': 135034, 'time_iter': 0.5544, 'accuracy': 0.6548}
train: {'epoch': 43, 'eta': 4334.7996, 'loss': 0.979, 'lr': 0.0061, 'params': 135034, 'time_iter': 0.5453, 'accuracy': 0.6515}
train: {'epoch': 44, 'eta': 4239.8343, 'loss': 0.9515, 'lr': 0.0059, 'params': 135034, 'time_iter': 0.474, 'accuracy': 0.6567}
train: {'epoch': 45, 'eta': 4134.8355, 'loss': 0.9486, 'lr': 0.0058, 'params': 135034, 'time_iter': 0.4008, 'accuracy': 0.6635}
train: {'epoch': 46, 'eta': 4031.0833, 'loss': 0.9689, 'lr': 0.0056, 'params': 135034, 'time_iter': 0.3945, 'accuracy': 0.6612}
train: {'epoch': 47, 'eta': 3937.3041, 'loss': 0.9537, 'lr': 0.0055, 'params': 135034, 'time_iter': 0.4489, 'accuracy': 0.6595}
train: {'epoch': 48, 'eta': 3859.0959, 'loss': 0.9483, 'lr': 0.0053, 'params': 135034, 'time_iter': 0.5513, 'accuracy': 0.6623}
train: {'epoch': 49, 'eta': 3759.194, 'loss': 0.9371, 'lr': 0.0052, 'params': 135034, 'time_iter': 0.3867, 'accuracy': 0.6713}
train: {'epoch': 50, 'eta': 3663.2309, 'loss': 0.9322, 'lr': 0.005, 'params': 135034, 'time_iter': 0.4027, 'accuracy': 0.6678}
train: {'epoch': 51, 'eta': 3568.8047, 'loss': 0.9317, 'lr': 0.0048, 'params': 135034, 'time_iter': 0.4019, 'accuracy': 0.6722}
train: {'epoch': 52, 'eta': 3473.1241, 'loss': 0.9389, 'lr': 0.0047, 'params': 135034, 'time_iter': 0.3782, 'accuracy': 0.6699}
train: {'epoch': 53, 'eta': 3380.2345, 'loss': 0.9095, 'lr': 0.0045, 'params': 135034, 'time_iter': 0.388, 'accuracy': 0.6817}
train: {'epoch': 54, 'eta': 3290.6229, 'loss': 0.922, 'lr': 0.0044, 'params': 135034, 'time_iter': 0.4043, 'accuracy': 0.6741}
train: {'epoch': 55, 'eta': 3200.964, 'loss': 0.9221, 'lr': 0.0042, 'params': 135034, 'time_iter': 0.3916, 'accuracy': 0.6706}
train: {'epoch': 56, 'eta': 3112.3035, 'loss': 0.9084, 'lr': 0.0041, 'params': 135034, 'time_iter': 0.3884, 'accuracy': 0.685}
train: {'epoch': 57, 'eta': 3025.4646, 'loss': 0.9018, 'lr': 0.0039, 'params': 135034, 'time_iter': 0.3941, 'accuracy': 0.6805}
train: {'epoch': 58, 'eta': 2943.1165, 'loss': 0.9082, 'lr': 0.0038, 'params': 135034, 'time_iter': 0.43, 'accuracy': 0.6843}
train: {'epoch': 59, 'eta': 2857.1315, 'loss': 0.9104, 'lr': 0.0036, 'params': 135034, 'time_iter': 0.3796, 'accuracy': 0.6781}
val: {'epoch': 59, 'loss': 1.1764, 'lr': 0, 'params': 135034, 'time_iter': 0.1537, 'accuracy': 0.6226}
test: {'epoch': 59, 'loss': 1.2059, 'lr': 0, 'params': 135034, 'time_iter': 0.1584, 'accuracy': 0.6121}
train: {'epoch': 60, 'eta': 2773.3774, 'loss': 0.897, 'lr': 0.0035, 'params': 135034, 'time_iter': 0.3921, 'accuracy': 0.6767}
train: {'epoch': 61, 'eta': 2691.1686, 'loss': 0.9015, 'lr': 0.0033, 'params': 135034, 'time_iter': 0.3986, 'accuracy': 0.6765}
train: {'epoch': 62, 'eta': 2608.5869, 'loss': 0.9024, 'lr': 0.0032, 'params': 135034, 'time_iter': 0.3819, 'accuracy': 0.6819}
train: {'epoch': 63, 'eta': 2527.0501, 'loss': 0.8824, 'lr': 0.003, 'params': 135034, 'time_iter': 0.3826, 'accuracy': 0.6866}
train: {'epoch': 64, 'eta': 2446.7393, 'loss': 0.8825, 'lr': 0.0029, 'params': 135034, 'time_iter': 0.3865, 'accuracy': 0.6892}
train: {'epoch': 65, 'eta': 2370.258, 'loss': 0.8871, 'lr': 0.0027, 'params': 135034, 'time_iter': 0.4297, 'accuracy': 0.6911}
train: {'epoch': 66, 'eta': 2291.2894, 'loss': 0.8787, 'lr': 0.0026, 'params': 135034, 'time_iter': 0.3829, 'accuracy': 0.6862}
train: {'epoch': 67, 'eta': 2211.7682, 'loss': 0.8652, 'lr': 0.0025, 'params': 135034, 'time_iter': 0.3609, 'accuracy': 0.7022}
train: {'epoch': 68, 'eta': 2133.2885, 'loss': 0.8673, 'lr': 0.0023, 'params': 135034, 'time_iter': 0.363, 'accuracy': 0.6873}
train: {'epoch': 69, 'eta': 2062.0613, 'loss': 0.8527, 'lr': 0.0022, 'params': 135034, 'time_iter': 0.4751, 'accuracy': 0.7012}
train: {'epoch': 70, 'eta': 1995.8002, 'loss': 0.8679, 'lr': 0.0021, 'params': 135034, 'time_iter': 0.5624, 'accuracy': 0.6871}
train: {'epoch': 71, 'eta': 1920.6716, 'loss': 0.8603, 'lr': 0.0019, 'params': 135034, 'time_iter': 0.3955, 'accuracy': 0.6944}
train: {'epoch': 72, 'eta': 1846.0326, 'loss': 0.8672, 'lr': 0.0018, 'params': 135034, 'time_iter': 0.3929, 'accuracy': 0.6895}
train: {'epoch': 73, 'eta': 1773.1384, 'loss': 0.8541, 'lr': 0.0017, 'params': 135034, 'time_iter': 0.4173, 'accuracy': 0.6951}
train: {'epoch': 74, 'eta': 1709.074, 'loss': 0.849, 'lr': 0.0016, 'params': 135034, 'time_iter': 0.606, 'accuracy': 0.6942}
train: {'epoch': 75, 'eta': 1643.6889, 'loss': 0.8535, 'lr': 0.0015, 'params': 135034, 'time_iter': 0.5849, 'accuracy': 0.6951}
train: {'epoch': 76, 'eta': 1573.1616, 'loss': 0.8475, 'lr': 0.0014, 'params': 135034, 'time_iter': 0.4636, 'accuracy': 0.6961}
train: {'epoch': 77, 'eta': 1501.2887, 'loss': 0.8467, 'lr': 0.0012, 'params': 135034, 'time_iter': 0.4216, 'accuracy': 0.6984}
train: {'epoch': 78, 'eta': 1429.5256, 'loss': 0.8371, 'lr': 0.0011, 'params': 135034, 'time_iter': 0.4134, 'accuracy': 0.7015}
train: {'epoch': 79, 'eta': 1360.3793, 'loss': 0.8405, 'lr': 0.001, 'params': 135034, 'time_iter': 0.4795, 'accuracy': 0.6987}
val: {'epoch': 79, 'loss': 1.2325, 'lr': 0, 'params': 135034, 'time_iter': 0.1592, 'accuracy': 0.6189}
test: {'epoch': 79, 'loss': 1.2941, 'lr': 0, 'params': 135034, 'time_iter': 0.1681, 'accuracy': 0.6177}
train: {'epoch': 80, 'eta': 1290.2932, 'loss': 0.8369, 'lr': 0.001, 'params': 135034, 'time_iter': 0.4452, 'accuracy': 0.6991}
train: {'epoch': 81, 'eta': 1219.6406, 'loss': 0.8405, 'lr': 0.0009, 'params': 135034, 'time_iter': 0.4167, 'accuracy': 0.6989}
train: {'epoch': 82, 'eta': 1149.5121, 'loss': 0.8461, 'lr': 0.0008, 'params': 135034, 'time_iter': 0.4224, 'accuracy': 0.6968}
train: {'epoch': 83, 'eta': 1079.7666, 'loss': 0.834, 'lr': 0.0007, 'params': 135034, 'time_iter': 0.4244, 'accuracy': 0.7012}
train: {'epoch': 84, 'eta': 1010.1237, 'loss': 0.8241, 'lr': 0.0006, 'params': 135034, 'time_iter': 0.4155, 'accuracy': 0.7046}
train: {'epoch': 85, 'eta': 941.0474, 'loss': 0.8253, 'lr': 0.0005, 'params': 135034, 'time_iter': 0.4262, 'accuracy': 0.7071}
train: {'epoch': 86, 'eta': 871.383, 'loss': 0.8241, 'lr': 0.0005, 'params': 135034, 'time_iter': 0.3823, 'accuracy': 0.7043}
train: {'epoch': 87, 'eta': 801.8237, 'loss': 0.8335, 'lr': 0.0004, 'params': 135034, 'time_iter': 0.3645, 'accuracy': 0.7048}
train: {'epoch': 88, 'eta': 732.4759, 'loss': 0.8335, 'lr': 0.0004, 'params': 135034, 'time_iter': 0.3485, 'accuracy': 0.6963}
train: {'epoch': 89, 'eta': 665.6554, 'loss': 0.8292, 'lr': 0.0003, 'params': 135034, 'time_iter': 0.485, 'accuracy': 0.7043}
train: {'epoch': 90, 'eta': 598.0115, 'loss': 0.8171, 'lr': 0.0002, 'params': 135034, 'time_iter': 0.4185, 'accuracy': 0.7083}
train: {'epoch': 91, 'eta': 530.9194, 'loss': 0.8156, 'lr': 0.0002, 'params': 135034, 'time_iter': 0.4437, 'accuracy': 0.7074}
train: {'epoch': 92, 'eta': 464.618, 'loss': 0.8262, 'lr': 0.0002, 'params': 135034, 'time_iter': 0.5053, 'accuracy': 0.702}
train: {'epoch': 93, 'eta': 398.4632, 'loss': 0.8231, 'lr': 0.0001, 'params': 135034, 'time_iter': 0.5249, 'accuracy': 0.7097}
train: {'epoch': 94, 'eta': 331.8639, 'loss': 0.8217, 'lr': 0.0001, 'params': 135034, 'time_iter': 0.4724, 'accuracy': 0.7095}
train: {'epoch': 95, 'eta': 265.086, 'loss': 0.8139, 'lr': 0.0001, 'params': 135034, 'time_iter': 0.4259, 'accuracy': 0.7137}
train: {'epoch': 96, 'eta': 198.3584, 'loss': 0.824, 'lr': 0.0, 'params': 135034, 'time_iter': 0.3874, 'accuracy': 0.7022}
train: {'epoch': 97, 'eta': 132.547, 'loss': 0.8135, 'lr': 0.0, 'params': 135034, 'time_iter': 0.6106, 'accuracy': 0.7079}
train: {'epoch': 98, 'eta': 66.291, 'loss': 0.8204, 'lr': 0.0, 'params': 135034, 'time_iter': 0.5113, 'accuracy': 0.7079}
train: {'epoch': 99, 'eta': 0.0, 'loss': 0.8155, 'lr': 0.0, 'params': 135034, 'time_iter': 0.5905, 'accuracy': 0.7069}
val: {'epoch': 99, 'loss': 1.21, 'lr': 0, 'params': 135034, 'time_iter': 0.2002, 'accuracy': 0.6226}
test: {'epoch': 99, 'loss': 1.2817, 'lr': 0, 'params': 135034, 'time_iter': 0.2064, 'accuracy': 0.6064}
Task done, results saved in results/BCDB_Dataset_grid_BCDB_grid/BCDB_Dataset-format=nx-dataset=BCDB-task=graph-trans=False-l_t=gatconv-l_pre=1-l_mp=4-l_post=1-stage=stack-bn=False-act=prelu-drop=0.4-agg=max-optim=adam
Results aggregated across runs saved in results/BCDB_Dataset_grid_BCDB_grid/BCDB_Dataset-format=nx-dataset=BCDB-task=graph-trans=False-l_t=gatconv-l_pre=1-l_mp=4-l_post=1-stage=stack-bn=False-act=prelu-drop=0.4-agg=max-optim=adam/agg
