Load: 27.86s, Before split: 0.04433s, Split: 0.00692s, After split: 0.06895s
GNN(
  (preprocess): Preprocess(
    node_feature: dim_out=2
    Total: dim_out=2
  )
  (pre_mp): GeneralMultiLayer(
    (Layer_0): GeneralLayer(
      (layer): Linear(
        (model): Linear(in_features=2, out_features=256, bias=False)
      )
      (post_layer): Sequential(
        (0): BatchNorm1d(256, eps=1e-05, momentum=0.1, affine=True, track_running_stats=True)
        (1): PReLU(num_parameters=1)
      )
    )
  )
  (mp): GNNStackStage(
    (layer0): GeneralLayer(
      (layer): GCNConv(
        (model): GCNConv(256, 256)
      )
      (post_layer): Sequential(
        (0): BatchNorm1d(256, eps=1e-05, momentum=0.1, affine=True, track_running_stats=True)
        (1): PReLU(num_parameters=1)
      )
    )
    (layer1): GeneralLayer(
      (layer): GCNConv(
        (model): GCNConv(256, 256)
      )
      (post_layer): Sequential(
        (0): BatchNorm1d(256, eps=1e-05, momentum=0.1, affine=True, track_running_stats=True)
        (1): PReLU(num_parameters=1)
      )
    )
  )
  (post_mp): GNNGraphHead(
    (layer_post_mp): MLP(
      (model): Sequential(
        (0): Linear(
          (model): Linear(in_features=256, out_features=7, bias=True)
        )
      )
    )
  )
)
bn:
  eps: 1e-05
  mom: 0.1
cfg_dest: config.yaml
custom_metrics: []
dataset:
  augment_feature: []
  augment_feature_dims: []
  augment_feature_repr: original
  augment_label: 
  augment_label_dims: 0
  cache_load: False
  cache_save: False
  dir: ./datasets
  edge_dim: 128
  edge_encoder: False
  edge_encoder_bn: True
  edge_encoder_name: Bond
  edge_message_ratio: 0.8
  edge_negative_sampling_ratio: 1.0
  edge_train_mode: all
  encoder: True
  encoder_bn: True
  encoder_dim: 128
  encoder_name: db
  format: nx
  label_column: none
  label_table: none
  location: local
  name: BCDB
  node_encoder: False
  node_encoder_bn: True
  node_encoder_name: Atom
  remove_feature: False
  resample_disjoint: False
  resample_negative: False
  shuffle_split: True
  split: [0.8, 0.1, 0.1]
  split_mode: random
  task: graph
  task_type: classification
  to_undirected: False
  transductive: False
  transform: none
  tu_simple: True
device: cpu
example_arg: example
example_group:
  example_arg: example
gnn:
  act: prelu
  agg: add
  att_final_linear: False
  att_final_linear_bn: False
  att_heads: 1
  batchnorm: True
  clear_feature: True
  dim_inner: 256
  dropout: 0.0
  flow: source_to_target
  head: graph
  keep_edge: 0.5
  l2norm: True
  layer_type: gcnconv
  layers_mp: 2
  layers_post_mp: 1
  layers_pre_mp: 1
  msg_direction: single
  normalize_adj: False
  self_msg: concat
  skip_every: 1
  stage_type: stack
gpu_mem: False
mem:
  inplace: False
metric_agg: argmax
metric_best: auto
model:
  edge_decoding: dot
  graph_pooling: add
  loss_fun: cross_entropy
  match_upper: True
  size_average: mean
  thresh: 0.5
  type: gnn
num_threads: 6
num_workers: 0
optim:
  base_lr: 0.01
  lr_decay: 0.1
  max_epoch: 100
  momentum: 0.9
  optimizer: adam
  scheduler: cos
  steps: [30, 60, 90]
  weight_decay: 0.0005
out_dir: results/BCDB_Dataset
print: both
round: 4
run_dir: results/BCDB_Dataset/0
seed: 1
share:
  dim_in: 2
  dim_out: 7
  num_splits: 3
tensorboard_agg: True
tensorboard_each_run: False
train:
  auto_resume: False
  batch_size: 32
  ckpt_clean: True
  ckpt_period: 100
  enable_ckpt: True
  epoch_resume: -1
  eval_period: 20
  iter_per_epoch: 32
  mode: standard
  neighbor_sizes: [20, 15, 10, 5]
  node_per_graph: 32
  radius: extend
  sample_node: False
  sampler: full_batch
  skip_train_eval: False
  walk_length: 4
val:
  node_per_graph: 32
  radius: extend
  sample_node: False
  sampler: full_batch
view_emb: False
Num parameters: 134920
Start from epoch 0
train: {'epoch': 0, 'eta': 263.5969, 'loss': 1.4644, 'lr': 0.01, 'params': 134920, 'time_iter': 0.02, 'accuracy': 0.5487}
val: {'epoch': 0, 'loss': 1.4668, 'lr': 0, 'params': 134920, 'time_iter': 0.0116, 'accuracy': 0.5698}
test: {'epoch': 0, 'loss': 1.4138, 'lr': 0, 'params': 134920, 'time_iter': 0.0108, 'accuracy': 0.5631}
train: {'epoch': 1, 'eta': 258.7966, 'loss': 1.2764, 'lr': 0.01, 'params': 134920, 'time_iter': 0.0197, 'accuracy': 0.5916}
train: {'epoch': 2, 'eta': 294.6435, 'loss': 1.2125, 'lr': 0.01, 'params': 134920, 'time_iter': 0.0288, 'accuracy': 0.597}
train: {'epoch': 3, 'eta': 307.2513, 'loss': 1.2046, 'lr': 0.01, 'params': 134920, 'time_iter': 0.0277, 'accuracy': 0.6142}
train: {'epoch': 4, 'eta': 291.9029, 'loss': 1.209, 'lr': 0.01, 'params': 134920, 'time_iter': 0.0193, 'accuracy': 0.6048}
train: {'epoch': 5, 'eta': 282.5295, 'loss': 1.1809, 'lr': 0.0099, 'params': 134920, 'time_iter': 0.0201, 'accuracy': 0.6065}
train: {'epoch': 6, 'eta': 273.0055, 'loss': 1.1503, 'lr': 0.0099, 'params': 134920, 'time_iter': 0.0189, 'accuracy': 0.6138}
train: {'epoch': 7, 'eta': 270.6498, 'loss': 1.2134, 'lr': 0.0099, 'params': 134920, 'time_iter': 0.0225, 'accuracy': 0.6003}
train: {'epoch': 8, 'eta': 269.3808, 'loss': 1.1419, 'lr': 0.0098, 'params': 134920, 'time_iter': 0.0234, 'accuracy': 0.6204}
train: {'epoch': 9, 'eta': 265.3433, 'loss': 1.0833, 'lr': 0.0098, 'params': 134920, 'time_iter': 0.0214, 'accuracy': 0.6296}
train: {'epoch': 10, 'eta': 264.8572, 'loss': 1.1136, 'lr': 0.0098, 'params': 134920, 'time_iter': 0.0245, 'accuracy': 0.6272}
train: {'epoch': 11, 'eta': 263.6856, 'loss': 1.0637, 'lr': 0.0097, 'params': 134920, 'time_iter': 0.0242, 'accuracy': 0.635}
train: {'epoch': 12, 'eta': 259.1601, 'loss': 1.0532, 'lr': 0.0096, 'params': 134920, 'time_iter': 0.0208, 'accuracy': 0.6343}
train: {'epoch': 13, 'eta': 254.5794, 'loss': 1.0378, 'lr': 0.0096, 'params': 134920, 'time_iter': 0.0204, 'accuracy': 0.6402}
train: {'epoch': 14, 'eta': 259.8741, 'loss': 1.025, 'lr': 0.0095, 'params': 134920, 'time_iter': 0.0332, 'accuracy': 0.6402}
train: {'epoch': 15, 'eta': 255.6987, 'loss': 0.9917, 'lr': 0.0095, 'params': 134920, 'time_iter': 0.0214, 'accuracy': 0.6536}
train: {'epoch': 16, 'eta': 254.7663, 'loss': 0.9802, 'lr': 0.0094, 'params': 134920, 'time_iter': 0.0261, 'accuracy': 0.6539}
train: {'epoch': 17, 'eta': 256.7855, 'loss': 0.9758, 'lr': 0.0093, 'params': 134920, 'time_iter': 0.0315, 'accuracy': 0.6574}
train: {'epoch': 18, 'eta': 254.4191, 'loss': 0.9716, 'lr': 0.0092, 'params': 134920, 'time_iter': 0.0249, 'accuracy': 0.6515}
train: {'epoch': 19, 'eta': 249.6994, 'loss': 0.9649, 'lr': 0.0091, 'params': 134920, 'time_iter': 0.0206, 'accuracy': 0.6595}
val: {'epoch': 19, 'loss': 0.9742, 'lr': 0, 'params': 134920, 'time_iter': 0.0114, 'accuracy': 0.6849}
test: {'epoch': 19, 'loss': 0.9439, 'lr': 0, 'params': 134920, 'time_iter': 0.0114, 'accuracy': 0.693}
train: {'epoch': 20, 'eta': 247.7564, 'loss': 0.9197, 'lr': 0.009, 'params': 134920, 'time_iter': 0.0258, 'accuracy': 0.6706}
train: {'epoch': 21, 'eta': 243.7338, 'loss': 0.9279, 'lr': 0.009, 'params': 134920, 'time_iter': 0.0217, 'accuracy': 0.6673}
train: {'epoch': 22, 'eta': 240.6592, 'loss': 0.9022, 'lr': 0.0089, 'params': 134920, 'time_iter': 0.0236, 'accuracy': 0.6765}
train: {'epoch': 23, 'eta': 236.1672, 'loss': 0.9195, 'lr': 0.0088, 'params': 134920, 'time_iter': 0.0203, 'accuracy': 0.6722}
train: {'epoch': 24, 'eta': 232.6888, 'loss': 0.899, 'lr': 0.0086, 'params': 134920, 'time_iter': 0.0224, 'accuracy': 0.6751}
train: {'epoch': 25, 'eta': 232.6904, 'loss': 0.9079, 'lr': 0.0085, 'params': 134920, 'time_iter': 0.0315, 'accuracy': 0.6732}
train: {'epoch': 26, 'eta': 229.4722, 'loss': 0.8863, 'lr': 0.0084, 'params': 134920, 'time_iter': 0.0234, 'accuracy': 0.6814}
train: {'epoch': 27, 'eta': 238.8606, 'loss': 0.8699, 'lr': 0.0083, 'params': 134920, 'time_iter': 0.0603, 'accuracy': 0.6857}
train: {'epoch': 28, 'eta': 234.075, 'loss': 0.8649, 'lr': 0.0082, 'params': 134920, 'time_iter': 0.0204, 'accuracy': 0.6845}
train: {'epoch': 29, 'eta': 229.0479, 'loss': 0.8593, 'lr': 0.0081, 'params': 134920, 'time_iter': 0.0192, 'accuracy': 0.6906}
train: {'epoch': 30, 'eta': 224.487, 'loss': 0.8389, 'lr': 0.0079, 'params': 134920, 'time_iter': 0.0202, 'accuracy': 0.6961}
train: {'epoch': 31, 'eta': 219.773, 'loss': 0.8516, 'lr': 0.0078, 'params': 134920, 'time_iter': 0.0193, 'accuracy': 0.6847}
train: {'epoch': 32, 'eta': 215.228, 'loss': 0.852, 'lr': 0.0077, 'params': 134920, 'time_iter': 0.0194, 'accuracy': 0.6888}
train: {'epoch': 33, 'eta': 210.6093, 'loss': 0.8403, 'lr': 0.0075, 'params': 134920, 'time_iter': 0.0187, 'accuracy': 0.6876}
train: {'epoch': 34, 'eta': 206.2397, 'loss': 0.8354, 'lr': 0.0074, 'params': 134920, 'time_iter': 0.0192, 'accuracy': 0.6951}
train: {'epoch': 35, 'eta': 201.8575, 'loss': 0.8245, 'lr': 0.0073, 'params': 134920, 'time_iter': 0.0187, 'accuracy': 0.7003}
train: {'epoch': 36, 'eta': 197.9649, 'loss': 0.8092, 'lr': 0.0071, 'params': 134920, 'time_iter': 0.0205, 'accuracy': 0.6965}
train: {'epoch': 37, 'eta': 194.3852, 'loss': 0.8092, 'lr': 0.007, 'params': 134920, 'time_iter': 0.0216, 'accuracy': 0.6965}
train: {'epoch': 38, 'eta': 191.1325, 'loss': 0.8298, 'lr': 0.0068, 'params': 134920, 'time_iter': 0.023, 'accuracy': 0.6921}
train: {'epoch': 39, 'eta': 189.808, 'loss': 0.8061, 'lr': 0.0067, 'params': 134920, 'time_iter': 0.0326, 'accuracy': 0.6977}
val: {'epoch': 39, 'loss': 0.8478, 'lr': 0, 'params': 134920, 'time_iter': 0.0149, 'accuracy': 0.6962}
test: {'epoch': 39, 'loss': 0.8209, 'lr': 0, 'params': 134920, 'time_iter': 0.0231, 'accuracy': 0.6836}
train: {'epoch': 40, 'eta': 191.8984, 'loss': 0.8043, 'lr': 0.0065, 'params': 134920, 'time_iter': 0.0512, 'accuracy': 0.6979}
train: {'epoch': 41, 'eta': 191.7424, 'loss': 0.8027, 'lr': 0.0064, 'params': 134920, 'time_iter': 0.0413, 'accuracy': 0.7069}
train: {'epoch': 42, 'eta': 191.64, 'loss': 0.799, 'lr': 0.0062, 'params': 134920, 'time_iter': 0.043, 'accuracy': 0.702}
train: {'epoch': 43, 'eta': 192.0587, 'loss': 0.7996, 'lr': 0.0061, 'params': 134920, 'time_iter': 0.0476, 'accuracy': 0.7027}
train: {'epoch': 44, 'eta': 193.4121, 'loss': 0.8087, 'lr': 0.0059, 'params': 134920, 'time_iter': 0.0552, 'accuracy': 0.7027}
train: {'epoch': 45, 'eta': 195.2048, 'loss': 0.779, 'lr': 0.0058, 'params': 134920, 'time_iter': 0.0604, 'accuracy': 0.7005}
train: {'epoch': 46, 'eta': 197.7585, 'loss': 0.7825, 'lr': 0.0056, 'params': 134920, 'time_iter': 0.0683, 'accuracy': 0.7069}
train: {'epoch': 47, 'eta': 200.8712, 'loss': 0.7582, 'lr': 0.0055, 'params': 134920, 'time_iter': 0.0756, 'accuracy': 0.7104}
train: {'epoch': 48, 'eta': 204.1842, 'loss': 0.7746, 'lr': 0.0053, 'params': 134920, 'time_iter': 0.0809, 'accuracy': 0.6972}
train: {'epoch': 49, 'eta': 207.4724, 'loss': 0.7579, 'lr': 0.0052, 'params': 134920, 'time_iter': 0.0849, 'accuracy': 0.7112}
train: {'epoch': 50, 'eta': 210.6839, 'loss': 0.7693, 'lr': 0.005, 'params': 134920, 'time_iter': 0.0888, 'accuracy': 0.7005}
train: {'epoch': 51, 'eta': 213.4974, 'loss': 0.763, 'lr': 0.0048, 'params': 134920, 'time_iter': 0.0903, 'accuracy': 0.7128}
train: {'epoch': 52, 'eta': 216.2106, 'loss': 0.761, 'lr': 0.0047, 'params': 134920, 'time_iter': 0.0942, 'accuracy': 0.7071}
train: {'epoch': 53, 'eta': 243.1484, 'loss': 0.7578, 'lr': 0.0045, 'params': 134920, 'time_iter': 0.313, 'accuracy': 0.7109}
train: {'epoch': 54, 'eta': 248.4773, 'loss': 0.7704, 'lr': 0.0044, 'params': 134920, 'time_iter': 0.1373, 'accuracy': 0.7095}
train: {'epoch': 55, 'eta': 251.0209, 'loss': 0.7522, 'lr': 0.0042, 'params': 134920, 'time_iter': 0.1187, 'accuracy': 0.7114}
train: {'epoch': 56, 'eta': 251.3139, 'loss': 0.7484, 'lr': 0.0041, 'params': 134920, 'time_iter': 0.1027, 'accuracy': 0.7112}
train: {'epoch': 57, 'eta': 251.6714, 'loss': 0.7531, 'lr': 0.0039, 'params': 134920, 'time_iter': 0.1083, 'accuracy': 0.7053}
train: {'epoch': 58, 'eta': 256.7017, 'loss': 0.7574, 'lr': 0.0038, 'params': 134920, 'time_iter': 0.1643, 'accuracy': 0.71}
train: {'epoch': 59, 'eta': 254.8953, 'loss': 0.7422, 'lr': 0.0036, 'params': 134920, 'time_iter': 0.0973, 'accuracy': 0.7159}
val: {'epoch': 59, 'loss': 0.7528, 'lr': 0, 'params': 134920, 'time_iter': 0.0879, 'accuracy': 0.7377}
test: {'epoch': 59, 'loss': 0.7912, 'lr': 0, 'params': 134920, 'time_iter': 0.071, 'accuracy': 0.6968}
train: {'epoch': 60, 'eta': 255.131, 'loss': 0.7342, 'lr': 0.0035, 'params': 134920, 'time_iter': 0.1256, 'accuracy': 0.7189}
train: {'epoch': 61, 'eta': 255.4187, 'loss': 0.7332, 'lr': 0.0033, 'params': 134920, 'time_iter': 0.133, 'accuracy': 0.7187}
train: {'epoch': 62, 'eta': 253.8129, 'loss': 0.7502, 'lr': 0.0032, 'params': 134920, 'time_iter': 0.116, 'accuracy': 0.7064}
train: {'epoch': 63, 'eta': 249.4999, 'loss': 0.7226, 'lr': 0.003, 'params': 134920, 'time_iter': 0.0856, 'accuracy': 0.7241}
train: {'epoch': 64, 'eta': 245.9732, 'loss': 0.7288, 'lr': 0.0029, 'params': 134920, 'time_iter': 0.0996, 'accuracy': 0.7189}
train: {'epoch': 65, 'eta': 242.6149, 'loss': 0.7387, 'lr': 0.0027, 'params': 134920, 'time_iter': 0.1064, 'accuracy': 0.7194}
train: {'epoch': 66, 'eta': 237.7015, 'loss': 0.721, 'lr': 0.0026, 'params': 134920, 'time_iter': 0.0876, 'accuracy': 0.7246}
train: {'epoch': 67, 'eta': 233.0619, 'loss': 0.7255, 'lr': 0.0025, 'params': 134920, 'time_iter': 0.0951, 'accuracy': 0.7178}
train: {'epoch': 68, 'eta': 228.0685, 'loss': 0.7181, 'lr': 0.0023, 'params': 134920, 'time_iter': 0.0931, 'accuracy': 0.7182}
train: {'epoch': 69, 'eta': 222.993, 'loss': 0.7183, 'lr': 0.0022, 'params': 134920, 'time_iter': 0.0953, 'accuracy': 0.7199}
train: {'epoch': 70, 'eta': 218.4612, 'loss': 0.7197, 'lr': 0.0021, 'params': 134920, 'time_iter': 0.1093, 'accuracy': 0.7189}
train: {'epoch': 71, 'eta': 213.82, 'loss': 0.7056, 'lr': 0.0019, 'params': 134920, 'time_iter': 0.1126, 'accuracy': 0.7178}
train: {'epoch': 72, 'eta': 209.0465, 'loss': 0.7085, 'lr': 0.0018, 'params': 134920, 'time_iter': 0.1156, 'accuracy': 0.7255}
train: {'epoch': 73, 'eta': 204.2875, 'loss': 0.6987, 'lr': 0.0017, 'params': 134920, 'time_iter': 0.1221, 'accuracy': 0.7262}
train: {'epoch': 74, 'eta': 200.4955, 'loss': 0.7024, 'lr': 0.0016, 'params': 134920, 'time_iter': 0.1508, 'accuracy': 0.7225}
train: {'epoch': 75, 'eta': 196.2322, 'loss': 0.701, 'lr': 0.0015, 'params': 134920, 'time_iter': 0.1497, 'accuracy': 0.7274}
train: {'epoch': 76, 'eta': 196.0176, 'loss': 0.7037, 'lr': 0.0014, 'params': 134920, 'time_iter': 0.2619, 'accuracy': 0.7229}
train: {'epoch': 77, 'eta': 202.2715, 'loss': 0.6847, 'lr': 0.0012, 'params': 134920, 'time_iter': 0.458, 'accuracy': 0.7298}
train: {'epoch': 78, 'eta': 196.9185, 'loss': 0.6859, 'lr': 0.0011, 'params': 134920, 'time_iter': 0.1778, 'accuracy': 0.7314}
train: {'epoch': 79, 'eta': 194.9048, 'loss': 0.6921, 'lr': 0.001, 'params': 134920, 'time_iter': 0.292, 'accuracy': 0.7272}
val: {'epoch': 79, 'loss': 0.7194, 'lr': 0, 'params': 134920, 'time_iter': 0.0756, 'accuracy': 0.7245}
test: {'epoch': 79, 'loss': 0.7321, 'lr': 0, 'params': 134920, 'time_iter': 0.0615, 'accuracy': 0.7232}
train: {'epoch': 80, 'eta': 187.9902, 'loss': 0.697, 'lr': 0.001, 'params': 134920, 'time_iter': 0.164, 'accuracy': 0.7291}
train: {'epoch': 81, 'eta': 181.25, 'loss': 0.6935, 'lr': 0.0009, 'params': 134920, 'time_iter': 0.1824, 'accuracy': 0.7267}
train: {'epoch': 82, 'eta': 174.5529, 'loss': 0.69, 'lr': 0.0008, 'params': 134920, 'time_iter': 0.1995, 'accuracy': 0.7293}
train: {'epoch': 83, 'eta': 167.7046, 'loss': 0.678, 'lr': 0.0007, 'params': 134920, 'time_iter': 0.2122, 'accuracy': 0.7333}
train: {'epoch': 84, 'eta': 159.269, 'loss': 0.6807, 'lr': 0.0006, 'params': 134920, 'time_iter': 0.166, 'accuracy': 0.7298}
train: {'epoch': 85, 'eta': 150.4162, 'loss': 0.6784, 'lr': 0.0005, 'params': 134920, 'time_iter': 0.1614, 'accuracy': 0.7338}
train: {'epoch': 86, 'eta': 141.2686, 'loss': 0.6862, 'lr': 0.0005, 'params': 134920, 'time_iter': 0.1611, 'accuracy': 0.7284}
train: {'epoch': 87, 'eta': 133.2455, 'loss': 0.6761, 'lr': 0.0004, 'params': 134920, 'time_iter': 0.2385, 'accuracy': 0.7262}
train: {'epoch': 88, 'eta': 123.6655, 'loss': 0.6748, 'lr': 0.0004, 'params': 134920, 'time_iter': 0.1762, 'accuracy': 0.7321}
train: {'epoch': 89, 'eta': 114.1122, 'loss': 0.6939, 'lr': 0.0003, 'params': 134920, 'time_iter': 0.1988, 'accuracy': 0.7251}
train: {'epoch': 90, 'eta': 104.701, 'loss': 0.6763, 'lr': 0.0002, 'params': 134920, 'time_iter': 0.2378, 'accuracy': 0.7295}
train: {'epoch': 91, 'eta': 94.2195, 'loss': 0.6763, 'lr': 0.0002, 'params': 134920, 'time_iter': 0.1871, 'accuracy': 0.7251}
train: {'epoch': 92, 'eta': 83.5165, 'loss': 0.6751, 'lr': 0.0002, 'params': 134920, 'time_iter': 0.1959, 'accuracy': 0.73}
train: {'epoch': 93, 'eta': 72.4904, 'loss': 0.6736, 'lr': 0.0001, 'params': 134920, 'time_iter': 0.1963, 'accuracy': 0.7366}
train: {'epoch': 94, 'eta': 61.0147, 'loss': 0.67, 'lr': 0.0001, 'params': 134920, 'time_iter': 0.1774, 'accuracy': 0.7321}
train: {'epoch': 95, 'eta': 49.2673, 'loss': 0.6681, 'lr': 0.0001, 'params': 134920, 'time_iter': 0.1739, 'accuracy': 0.7324}
train: {'epoch': 96, 'eta': 37.2861, 'loss': 0.6672, 'lr': 0.0, 'params': 134920, 'time_iter': 0.1742, 'accuracy': 0.7378}
train: {'epoch': 97, 'eta': 25.0827, 'loss': 0.6684, 'lr': 0.0, 'params': 134920, 'time_iter': 0.1764, 'accuracy': 0.735}
train: {'epoch': 98, 'eta': 12.673, 'loss': 0.6705, 'lr': 0.0, 'params': 134920, 'time_iter': 0.1923, 'accuracy': 0.7293}
train: {'epoch': 99, 'eta': 0.0, 'loss': 0.6794, 'lr': 0.0, 'params': 134920, 'time_iter': 0.1901, 'accuracy': 0.7312}
val: {'epoch': 99, 'loss': 0.6831, 'lr': 0, 'params': 134920, 'time_iter': 0.0794, 'accuracy': 0.7302}
test: {'epoch': 99, 'loss': 0.7015, 'lr': 0, 'params': 134920, 'time_iter': 0.0821, 'accuracy': 0.7137}
Task done, results saved in results/BCDB_Dataset
