Load: 38.03s, Before split: 0.03616s, Split: 0.006191s, After split: 0.155s
GNN(
  (preprocess): Preprocess(
    node_feature: dim_out=2
    Total: dim_out=2
  )
  (pre_mp): GeneralMultiLayer(
    (Layer_0): GeneralLayer(
      (layer): Linear(
        (model): Linear(in_features=2, out_features=181, bias=True)
      )
      (post_layer): Sequential(
        (0): PReLU(num_parameters=1)
      )
    )
  )
  (mp): GNNStackStage(
    (layer0): GeneralLayer(
      (layer): GATConv(
        (model): GATConv(181, 181, heads=1)
      )
      (post_layer): Sequential(
        (0): PReLU(num_parameters=1)
      )
    )
    (layer1): GeneralLayer(
      (layer): GATConv(
        (model): GATConv(181, 181, heads=1)
      )
      (post_layer): Sequential(
        (0): PReLU(num_parameters=1)
      )
    )
    (layer2): GeneralLayer(
      (layer): GATConv(
        (model): GATConv(181, 181, heads=1)
      )
      (post_layer): Sequential(
        (0): PReLU(num_parameters=1)
      )
    )
    (layer3): GeneralLayer(
      (layer): GATConv(
        (model): GATConv(181, 181, heads=1)
      )
      (post_layer): Sequential(
        (0): PReLU(num_parameters=1)
      )
    )
  )
  (post_mp): GNNGraphHead(
    (layer_post_mp): MLP(
      (model): Sequential(
        (0): Linear(
          (model): Linear(in_features=181, out_features=7, bias=True)
        )
      )
    )
  )
)
bn:
  eps: 1e-05
  mom: 0.1
cfg_dest: config.yaml
custom_metrics: []
dataset:
  augment_feature: []
  augment_feature_dims: []
  augment_feature_repr: original
  augment_label: 
  augment_label_dims: 0
  cache_load: False
  cache_save: False
  dir: ./datasets
  edge_dim: 128
  edge_encoder: False
  edge_encoder_bn: True
  edge_encoder_name: Bond
  edge_message_ratio: 0.8
  edge_negative_sampling_ratio: 1.0
  edge_train_mode: all
  encoder: True
  encoder_bn: True
  encoder_dim: 128
  encoder_name: db
  format: nx
  label_column: none
  label_table: none
  location: local
  name: BCDB
  node_encoder: False
  node_encoder_bn: True
  node_encoder_name: Atom
  remove_feature: False
  resample_disjoint: False
  resample_negative: False
  shuffle_split: True
  split: [0.8, 0.1, 0.1]
  split_mode: random
  task: graph
  task_type: classification
  to_undirected: False
  transductive: False
  transform: none
  tu_simple: True
device: cpu
example_arg: example
example_group:
  example_arg: example
gnn:
  act: prelu
  agg: mean
  att_final_linear: False
  att_final_linear_bn: False
  att_heads: 1
  batchnorm: False
  clear_feature: True
  dim_inner: 181
  dropout: 0.0
  flow: source_to_target
  head: graph
  keep_edge: 0.5
  l2norm: True
  layer_type: gatconv
  layers_mp: 4
  layers_post_mp: 1
  layers_pre_mp: 1
  msg_direction: single
  normalize_adj: False
  self_msg: concat
  skip_every: 1
  stage_type: stack
gpu_mem: False
mem:
  inplace: False
metric_agg: argmax
metric_best: auto
model:
  edge_decoding: dot
  graph_pooling: add
  loss_fun: cross_entropy
  match_upper: True
  size_average: mean
  thresh: 0.5
  type: gnn
num_threads: 6
num_workers: 0
optim:
  base_lr: 0.01
  lr_decay: 0.1
  max_epoch: 100
  momentum: 0.9
  optimizer: adam
  scheduler: cos
  steps: [30, 60, 90]
  weight_decay: 0.0005
out_dir: results/BCDB_Dataset_grid_BCDB_grid/BCDB_Dataset-format=nx-dataset=BCDB-task=graph-trans=False-l_t=gatconv-l_pre=1-l_mp=4-l_post=1-stage=stack-bn=False-act=prelu-drop=0.0-agg=mean-optim=adam
print: both
round: 4
run_dir: results/BCDB_Dataset_grid_BCDB_grid/BCDB_Dataset-format=nx-dataset=BCDB-task=graph-trans=False-l_t=gatconv-l_pre=1-l_mp=4-l_post=1-stage=stack-bn=False-act=prelu-drop=0.0-agg=mean-optim=adam/0
seed: 1
share:
  dim_in: 2
  dim_out: 7
  num_splits: 3
tensorboard_agg: True
tensorboard_each_run: False
train:
  auto_resume: False
  batch_size: 32
  ckpt_clean: True
  ckpt_period: 100
  enable_ckpt: True
  epoch_resume: -1
  eval_period: 20
  iter_per_epoch: 32
  mode: standard
  neighbor_sizes: [20, 15, 10, 5]
  node_per_graph: 32
  radius: extend
  sample_node: False
  sampler: full_batch
  skip_train_eval: False
  walk_length: 4
val:
  node_per_graph: 32
  radius: extend
  sample_node: False
  sampler: full_batch
view_emb: False
Num parameters: 135034
Start from epoch 0
train: {'epoch': 0, 'eta': 6596.3318, 'loss': 2.0406, 'lr': 0.01, 'params': 135034, 'time_iter': 0.501, 'accuracy': 0.4605}
val: {'epoch': 0, 'loss': 1.652, 'lr': 0, 'params': 135034, 'time_iter': 0.1945, 'accuracy': 0.4906}
test: {'epoch': 0, 'loss': 1.6899, 'lr': 0, 'params': 135034, 'time_iter': 0.1768, 'accuracy': 0.4934}
train: {'epoch': 1, 'eta': 6292.1843, 'loss': 1.5372, 'lr': 0.01, 'params': 135034, 'time_iter': 0.4645, 'accuracy': 0.4971}
train: {'epoch': 2, 'eta': 6279.671, 'loss': 1.487, 'lr': 0.01, 'params': 135034, 'time_iter': 0.4948, 'accuracy': 0.5124}
train: {'epoch': 3, 'eta': 6374.3087, 'loss': 1.4478, 'lr': 0.01, 'params': 135034, 'time_iter': 0.5367, 'accuracy': 0.5103}
train: {'epoch': 4, 'eta': 6212.5061, 'loss': 1.3905, 'lr': 0.01, 'params': 135034, 'time_iter': 0.4615, 'accuracy': 0.5317}
train: {'epoch': 5, 'eta': 6056.5077, 'loss': 1.2409, 'lr': 0.0099, 'params': 135034, 'time_iter': 0.4482, 'accuracy': 0.5789}
train: {'epoch': 6, 'eta': 5929.3574, 'loss': 1.1165, 'lr': 0.0099, 'params': 135034, 'time_iter': 0.4489, 'accuracy': 0.6147}
train: {'epoch': 7, 'eta': 6084.2026, 'loss': 1.0244, 'lr': 0.0099, 'params': 135034, 'time_iter': 0.6223, 'accuracy': 0.6407}
train: {'epoch': 8, 'eta': 6055.9957, 'loss': 1.0074, 'lr': 0.0098, 'params': 135034, 'time_iter': 0.5254, 'accuracy': 0.6371}
train: {'epoch': 9, 'eta': 5983.5948, 'loss': 0.9851, 'lr': 0.0098, 'params': 135034, 'time_iter': 0.4955, 'accuracy': 0.6395}
train: {'epoch': 10, 'eta': 5864.6659, 'loss': 0.9876, 'lr': 0.0098, 'params': 135034, 'time_iter': 0.4511, 'accuracy': 0.6397}
train: {'epoch': 11, 'eta': 5762.0813, 'loss': 0.955, 'lr': 0.0097, 'params': 135034, 'time_iter': 0.4578, 'accuracy': 0.6503}
train: {'epoch': 12, 'eta': 5727.1609, 'loss': 0.9654, 'lr': 0.0096, 'params': 135034, 'time_iter': 0.5266, 'accuracy': 0.6501}
train: {'epoch': 13, 'eta': 5604.1784, 'loss': 0.9716, 'lr': 0.0096, 'params': 135034, 'time_iter': 0.425, 'accuracy': 0.6482}
train: {'epoch': 14, 'eta': 5503.8832, 'loss': 0.9696, 'lr': 0.0095, 'params': 135034, 'time_iter': 0.4433, 'accuracy': 0.6579}
train: {'epoch': 15, 'eta': 5459.7186, 'loss': 0.9338, 'lr': 0.0095, 'params': 135034, 'time_iter': 0.5163, 'accuracy': 0.6616}
train: {'epoch': 16, 'eta': 5439.3909, 'loss': 0.9349, 'lr': 0.0094, 'params': 135034, 'time_iter': 0.5575, 'accuracy': 0.6602}
train: {'epoch': 17, 'eta': 5353.6574, 'loss': 0.9218, 'lr': 0.0093, 'params': 135034, 'time_iter': 0.4594, 'accuracy': 0.6701}
train: {'epoch': 18, 'eta': 5415.1993, 'loss': 0.9177, 'lr': 0.0092, 'params': 135034, 'time_iter': 0.7146, 'accuracy': 0.6706}
train: {'epoch': 19, 'eta': 5385.1207, 'loss': 0.9198, 'lr': 0.0091, 'params': 135034, 'time_iter': 0.5718, 'accuracy': 0.6713}
val: {'epoch': 19, 'loss': 0.8968, 'lr': 0, 'params': 135034, 'time_iter': 0.25, 'accuracy': 0.6755}
test: {'epoch': 19, 'loss': 0.9176, 'lr': 0, 'params': 135034, 'time_iter': 0.2447, 'accuracy': 0.6968}
train: {'epoch': 20, 'eta': 5356.7954, 'loss': 0.9019, 'lr': 0.009, 'params': 135034, 'time_iter': 0.584, 'accuracy': 0.6767}
train: {'epoch': 21, 'eta': 5295.6673, 'loss': 0.9107, 'lr': 0.009, 'params': 135034, 'time_iter': 0.524, 'accuracy': 0.6758}
train: {'epoch': 22, 'eta': 5231.7227, 'loss': 0.8975, 'lr': 0.0089, 'params': 135034, 'time_iter': 0.5193, 'accuracy': 0.6805}
train: {'epoch': 23, 'eta': 5155.7944, 'loss': 0.8951, 'lr': 0.0088, 'params': 135034, 'time_iter': 0.4919, 'accuracy': 0.6791}
train: {'epoch': 24, 'eta': 5175.6459, 'loss': 0.9036, 'lr': 0.0086, 'params': 135034, 'time_iter': 0.7298, 'accuracy': 0.6664}
train: {'epoch': 25, 'eta': 5094.5537, 'loss': 0.8818, 'lr': 0.0085, 'params': 135034, 'time_iter': 0.4869, 'accuracy': 0.6765}
train: {'epoch': 26, 'eta': 5037.4697, 'loss': 0.8955, 'lr': 0.0084, 'params': 135034, 'time_iter': 0.5503, 'accuracy': 0.6788}
train: {'epoch': 27, 'eta': 4972.3925, 'loss': 0.8836, 'lr': 0.0083, 'params': 135034, 'time_iter': 0.5303, 'accuracy': 0.6767}
train: {'epoch': 28, 'eta': 5058.6756, 'loss': 0.8973, 'lr': 0.0082, 'params': 135034, 'time_iter': 0.9963, 'accuracy': 0.6701}
train: {'epoch': 29, 'eta': 5001.6205, 'loss': 0.8682, 'lr': 0.0081, 'params': 135034, 'time_iter': 0.5814, 'accuracy': 0.685}
train: {'epoch': 30, 'eta': 4939.158, 'loss': 0.8727, 'lr': 0.0079, 'params': 135034, 'time_iter': 0.5676, 'accuracy': 0.6814}
train: {'epoch': 31, 'eta': 4878.5594, 'loss': 0.8755, 'lr': 0.0078, 'params': 135034, 'time_iter': 0.5771, 'accuracy': 0.68}
train: {'epoch': 32, 'eta': 4822.5173, 'loss': 0.8749, 'lr': 0.0077, 'params': 135034, 'time_iter': 0.5976, 'accuracy': 0.6836}
train: {'epoch': 33, 'eta': 4749.4952, 'loss': 0.8608, 'lr': 0.0075, 'params': 135034, 'time_iter': 0.5371, 'accuracy': 0.6871}
train: {'epoch': 34, 'eta': 4678.1062, 'loss': 0.8478, 'lr': 0.0074, 'params': 135034, 'time_iter': 0.5434, 'accuracy': 0.6855}
train: {'epoch': 35, 'eta': 4618.947, 'loss': 0.861, 'lr': 0.0073, 'params': 135034, 'time_iter': 0.5953, 'accuracy': 0.684}
train: {'epoch': 36, 'eta': 4559.1778, 'loss': 0.8628, 'lr': 0.0071, 'params': 135034, 'time_iter': 0.5974, 'accuracy': 0.6921}
train: {'epoch': 37, 'eta': 4493.4829, 'loss': 0.8395, 'lr': 0.007, 'params': 135034, 'time_iter': 0.5749, 'accuracy': 0.6958}
train: {'epoch': 38, 'eta': 4444.784, 'loss': 0.8407, 'lr': 0.0068, 'params': 135034, 'time_iter': 0.6592, 'accuracy': 0.6944}
train: {'epoch': 39, 'eta': 4376.9063, 'loss': 0.8405, 'lr': 0.0067, 'params': 135034, 'time_iter': 0.5729, 'accuracy': 0.6951}
val: {'epoch': 39, 'loss': 0.84, 'lr': 0, 'params': 135034, 'time_iter': 0.2289, 'accuracy': 0.6943}
test: {'epoch': 39, 'loss': 0.9034, 'lr': 0, 'params': 135034, 'time_iter': 0.2075, 'accuracy': 0.6874}
train: {'epoch': 40, 'eta': 4320.5878, 'loss': 0.8461, 'lr': 0.0065, 'params': 135034, 'time_iter': 0.6354, 'accuracy': 0.6937}
train: {'epoch': 41, 'eta': 4254.3159, 'loss': 0.8222, 'lr': 0.0064, 'params': 135034, 'time_iter': 0.5885, 'accuracy': 0.705}
train: {'epoch': 42, 'eta': 4179.9699, 'loss': 0.8396, 'lr': 0.0062, 'params': 135034, 'time_iter': 0.5459, 'accuracy': 0.6899}
train: {'epoch': 43, 'eta': 4095.7778, 'loss': 0.8156, 'lr': 0.0061, 'params': 135034, 'time_iter': 0.4872, 'accuracy': 0.7062}
train: {'epoch': 44, 'eta': 4015.8513, 'loss': 0.8257, 'lr': 0.0059, 'params': 135034, 'time_iter': 0.5082, 'accuracy': 0.7022}
train: {'epoch': 45, 'eta': 3937.1849, 'loss': 0.8346, 'lr': 0.0058, 'params': 135034, 'time_iter': 0.5128, 'accuracy': 0.6972}
train: {'epoch': 46, 'eta': 3865.4472, 'loss': 0.8322, 'lr': 0.0056, 'params': 135034, 'time_iter': 0.556, 'accuracy': 0.6937}
train: {'epoch': 47, 'eta': 3771.7726, 'loss': 0.8669, 'lr': 0.0055, 'params': 135034, 'time_iter': 0.4044, 'accuracy': 0.688}
train: {'epoch': 48, 'eta': 3677.7259, 'loss': 0.8468, 'lr': 0.0053, 'params': 135034, 'time_iter': 0.39, 'accuracy': 0.6939}
train: {'epoch': 49, 'eta': 3585.7705, 'loss': 0.8329, 'lr': 0.0052, 'params': 135034, 'time_iter': 0.393, 'accuracy': 0.705}
train: {'epoch': 50, 'eta': 3501.5136, 'loss': 0.8375, 'lr': 0.005, 'params': 135034, 'time_iter': 0.4411, 'accuracy': 0.7005}
train: {'epoch': 51, 'eta': 3429.254, 'loss': 0.8437, 'lr': 0.0048, 'params': 135034, 'time_iter': 0.5308, 'accuracy': 0.6918}
train: {'epoch': 52, 'eta': 3338.922, 'loss': 0.838, 'lr': 0.0047, 'params': 135034, 'time_iter': 0.377, 'accuracy': 0.7038}
train: {'epoch': 53, 'eta': 3252.3127, 'loss': 0.816, 'lr': 0.0045, 'params': 135034, 'time_iter': 0.3967, 'accuracy': 0.7156}
train: {'epoch': 54, 'eta': 3167.4575, 'loss': 0.8228, 'lr': 0.0044, 'params': 135034, 'time_iter': 0.4015, 'accuracy': 0.6987}
train: {'epoch': 55, 'eta': 3081.2449, 'loss': 0.821, 'lr': 0.0042, 'params': 135034, 'time_iter': 0.3778, 'accuracy': 0.7064}
train: {'epoch': 56, 'eta': 2997.1254, 'loss': 0.8136, 'lr': 0.0041, 'params': 135034, 'time_iter': 0.3861, 'accuracy': 0.709}
train: {'epoch': 57, 'eta': 2914.9613, 'loss': 0.805, 'lr': 0.0039, 'params': 135034, 'time_iter': 0.3947, 'accuracy': 0.7142}
train: {'epoch': 58, 'eta': 2832.4965, 'loss': 0.8164, 'lr': 0.0038, 'params': 135034, 'time_iter': 0.3805, 'accuracy': 0.7104}
train: {'epoch': 59, 'eta': 2751.1209, 'loss': 0.8001, 'lr': 0.0036, 'params': 135034, 'time_iter': 0.3808, 'accuracy': 0.7145}
val: {'epoch': 59, 'loss': 0.8107, 'lr': 0, 'params': 135034, 'time_iter': 0.1666, 'accuracy': 0.6868}
test: {'epoch': 59, 'loss': 0.8696, 'lr': 0, 'params': 135034, 'time_iter': 0.1529, 'accuracy': 0.6855}
train: {'epoch': 60, 'eta': 2670.2764, 'loss': 0.7944, 'lr': 0.0035, 'params': 135034, 'time_iter': 0.3752, 'accuracy': 0.7142}
train: {'epoch': 61, 'eta': 2594.5181, 'loss': 0.7978, 'lr': 0.0033, 'params': 135034, 'time_iter': 0.4254, 'accuracy': 0.7133}
train: {'epoch': 62, 'eta': 2515.3573, 'loss': 0.7919, 'lr': 0.0032, 'params': 135034, 'time_iter': 0.374, 'accuracy': 0.7196}
train: {'epoch': 63, 'eta': 2436.9927, 'loss': 0.7876, 'lr': 0.003, 'params': 135034, 'time_iter': 0.3724, 'accuracy': 0.7168}
train: {'epoch': 64, 'eta': 2360.1371, 'loss': 0.7851, 'lr': 0.0029, 'params': 135034, 'time_iter': 0.3811, 'accuracy': 0.7175}
train: {'epoch': 65, 'eta': 2284.6181, 'loss': 0.7791, 'lr': 0.0027, 'params': 135034, 'time_iter': 0.389, 'accuracy': 0.7234}
train: {'epoch': 66, 'eta': 2208.4265, 'loss': 0.7817, 'lr': 0.0026, 'params': 135034, 'time_iter': 0.3679, 'accuracy': 0.7149}
train: {'epoch': 67, 'eta': 2133.0684, 'loss': 0.7702, 'lr': 0.0025, 'params': 135034, 'time_iter': 0.3684, 'accuracy': 0.7187}
train: {'epoch': 68, 'eta': 2059.9207, 'loss': 0.7682, 'lr': 0.0023, 'params': 135034, 'time_iter': 0.3926, 'accuracy': 0.7196}
train: {'epoch': 69, 'eta': 1988.3247, 'loss': 0.7575, 'lr': 0.0022, 'params': 135034, 'time_iter': 0.4093, 'accuracy': 0.7218}
train: {'epoch': 70, 'eta': 1913.726, 'loss': 0.7573, 'lr': 0.0021, 'params': 135034, 'time_iter': 0.3451, 'accuracy': 0.7229}
train: {'epoch': 71, 'eta': 1840.0358, 'loss': 0.7481, 'lr': 0.0019, 'params': 135034, 'time_iter': 0.3473, 'accuracy': 0.722}
train: {'epoch': 72, 'eta': 1769.4325, 'loss': 0.7525, 'lr': 0.0018, 'params': 135034, 'time_iter': 0.3947, 'accuracy': 0.7258}
train: {'epoch': 73, 'eta': 1703.402, 'loss': 0.7409, 'lr': 0.0017, 'params': 135034, 'time_iter': 0.4821, 'accuracy': 0.7265}
train: {'epoch': 74, 'eta': 1637.6622, 'loss': 0.7351, 'lr': 0.0016, 'params': 135034, 'time_iter': 0.4875, 'accuracy': 0.7251}
train: {'epoch': 75, 'eta': 1567.4362, 'loss': 0.7276, 'lr': 0.0015, 'params': 135034, 'time_iter': 0.3802, 'accuracy': 0.7312}
train: {'epoch': 76, 'eta': 1497.5531, 'loss': 0.7251, 'lr': 0.0014, 'params': 135034, 'time_iter': 0.3759, 'accuracy': 0.734}
train: {'epoch': 77, 'eta': 1432.8743, 'loss': 0.7227, 'lr': 0.0012, 'params': 135034, 'time_iter': 0.5011, 'accuracy': 0.7364}
train: {'epoch': 78, 'eta': 1369.8795, 'loss': 0.7141, 'lr': 0.0011, 'params': 135034, 'time_iter': 0.5501, 'accuracy': 0.7326}
train: {'epoch': 79, 'eta': 1305.9749, 'loss': 0.7106, 'lr': 0.001, 'params': 135034, 'time_iter': 0.5304, 'accuracy': 0.7354}
val: {'epoch': 79, 'loss': 0.7007, 'lr': 0, 'params': 135034, 'time_iter': 0.1716, 'accuracy': 0.7094}
test: {'epoch': 79, 'loss': 0.7716, 'lr': 0, 'params': 135034, 'time_iter': 0.1704, 'accuracy': 0.7269}
train: {'epoch': 80, 'eta': 1238.774, 'loss': 0.7074, 'lr': 0.001, 'params': 135034, 'time_iter': 0.43, 'accuracy': 0.7371}
train: {'epoch': 81, 'eta': 1171.4825, 'loss': 0.7024, 'lr': 0.0009, 'params': 135034, 'time_iter': 0.4185, 'accuracy': 0.7331}
train: {'epoch': 82, 'eta': 1104.4085, 'loss': 0.6989, 'lr': 0.0008, 'params': 135034, 'time_iter': 0.4162, 'accuracy': 0.7402}
train: {'epoch': 83, 'eta': 1039.0799, 'loss': 0.698, 'lr': 0.0007, 'params': 135034, 'time_iter': 0.4741, 'accuracy': 0.7383}
train: {'epoch': 84, 'eta': 973.0839, 'loss': 0.6943, 'lr': 0.0006, 'params': 135034, 'time_iter': 0.4434, 'accuracy': 0.7392}
train: {'epoch': 85, 'eta': 906.5769, 'loss': 0.6907, 'lr': 0.0005, 'params': 135034, 'time_iter': 0.4123, 'accuracy': 0.7404}
train: {'epoch': 86, 'eta': 840.4317, 'loss': 0.6868, 'lr': 0.0005, 'params': 135034, 'time_iter': 0.417, 'accuracy': 0.7399}
train: {'epoch': 87, 'eta': 774.6964, 'loss': 0.687, 'lr': 0.0004, 'params': 135034, 'time_iter': 0.4262, 'accuracy': 0.7413}
train: {'epoch': 88, 'eta': 708.8209, 'loss': 0.6833, 'lr': 0.0004, 'params': 135034, 'time_iter': 0.4053, 'accuracy': 0.7418}
train: {'epoch': 89, 'eta': 642.6851, 'loss': 0.6813, 'lr': 0.0003, 'params': 135034, 'time_iter': 0.3696, 'accuracy': 0.7435}
train: {'epoch': 90, 'eta': 577.2294, 'loss': 0.6799, 'lr': 0.0002, 'params': 135034, 'time_iter': 0.393, 'accuracy': 0.7437}
train: {'epoch': 91, 'eta': 512.0391, 'loss': 0.6771, 'lr': 0.0002, 'params': 135034, 'time_iter': 0.3911, 'accuracy': 0.742}
train: {'epoch': 92, 'eta': 447.6195, 'loss': 0.6766, 'lr': 0.0002, 'params': 135034, 'time_iter': 0.4398, 'accuracy': 0.7446}
train: {'epoch': 93, 'eta': 384.0182, 'loss': 0.6748, 'lr': 0.0001, 'params': 135034, 'time_iter': 0.5214, 'accuracy': 0.7423}
train: {'epoch': 94, 'eta': 319.6654, 'loss': 0.674, 'lr': 0.0001, 'params': 135034, 'time_iter': 0.4313, 'accuracy': 0.7416}
train: {'epoch': 95, 'eta': 255.9407, 'loss': 0.6736, 'lr': 0.0001, 'params': 135034, 'time_iter': 0.5183, 'accuracy': 0.7456}
train: {'epoch': 96, 'eta': 191.8468, 'loss': 0.6725, 'lr': 0.0, 'params': 135034, 'time_iter': 0.4547, 'accuracy': 0.7442}
train: {'epoch': 97, 'eta': 128.1364, 'loss': 0.6719, 'lr': 0.0, 'params': 135034, 'time_iter': 0.5687, 'accuracy': 0.7442}
train: {'epoch': 98, 'eta': 64.0688, 'loss': 0.6716, 'lr': 0.0, 'params': 135034, 'time_iter': 0.4822, 'accuracy': 0.7442}
train: {'epoch': 99, 'eta': 0.0, 'loss': 0.6713, 'lr': 0.0, 'params': 135034, 'time_iter': 0.4834, 'accuracy': 0.7442}
val: {'epoch': 99, 'loss': 0.6688, 'lr': 0, 'params': 135034, 'time_iter': 0.1914, 'accuracy': 0.7283}
test: {'epoch': 99, 'loss': 0.748, 'lr': 0, 'params': 135034, 'time_iter': 0.1847, 'accuracy': 0.7156}
Task done, results saved in results/BCDB_Dataset_grid_BCDB_grid/BCDB_Dataset-format=nx-dataset=BCDB-task=graph-trans=False-l_t=gatconv-l_pre=1-l_mp=4-l_post=1-stage=stack-bn=False-act=prelu-drop=0.0-agg=mean-optim=adam
Results aggregated across runs saved in results/BCDB_Dataset_grid_BCDB_grid/BCDB_Dataset-format=nx-dataset=BCDB-task=graph-trans=False-l_t=gatconv-l_pre=1-l_mp=4-l_post=1-stage=stack-bn=False-act=prelu-drop=0.0-agg=mean-optim=adam/agg
