Load: 29.79s, Before split: 0.0444s, Split: 0.006166s, After split: 0.06839s
GNN(
  (preprocess): Preprocess(
    node_feature: dim_out=2
    Total: dim_out=2
  )
  (pre_mp): GeneralMultiLayer(
    (Layer_0): GeneralLayer(
      (layer): Linear(
        (model): Linear(in_features=2, out_features=256, bias=False)
      )
      (post_layer): Sequential(
        (0): BatchNorm1d(256, eps=1e-05, momentum=0.1, affine=True, track_running_stats=True)
        (1): PReLU(num_parameters=1)
      )
    )
  )
  (mp): GNNStackStage(
    (layer0): GeneralLayer(
      (layer): GCNConv(
        (model): GCNConv(256, 256)
      )
      (post_layer): Sequential(
        (0): BatchNorm1d(256, eps=1e-05, momentum=0.1, affine=True, track_running_stats=True)
        (1): PReLU(num_parameters=1)
      )
    )
    (layer1): GeneralLayer(
      (layer): GCNConv(
        (model): GCNConv(256, 256)
      )
      (post_layer): Sequential(
        (0): BatchNorm1d(256, eps=1e-05, momentum=0.1, affine=True, track_running_stats=True)
        (1): PReLU(num_parameters=1)
      )
    )
  )
  (post_mp): GNNGraphHead(
    (layer_post_mp): MLP(
      (model): Sequential(
        (0): Linear(
          (model): Linear(in_features=256, out_features=7, bias=True)
        )
      )
    )
  )
)
bn:
  eps: 1e-05
  mom: 0.1
cfg_dest: config.yaml
custom_metrics: []
dataset:
  augment_feature: []
  augment_feature_dims: []
  augment_feature_repr: original
  augment_label: 
  augment_label_dims: 0
  cache_load: False
  cache_save: False
  dir: ./datasets
  edge_dim: 128
  edge_encoder: False
  edge_encoder_bn: True
  edge_encoder_name: Bond
  edge_message_ratio: 0.8
  edge_negative_sampling_ratio: 1.0
  edge_train_mode: all
  encoder: True
  encoder_bn: True
  encoder_dim: 128
  encoder_name: db
  format: nx
  label_column: none
  label_table: none
  location: local
  name: BCDB
  node_encoder: False
  node_encoder_bn: True
  node_encoder_name: Atom
  remove_feature: False
  resample_disjoint: False
  resample_negative: False
  shuffle_split: True
  split: [0.8, 0.1, 0.1]
  split_mode: random
  task: graph
  task_type: classification
  to_undirected: False
  transductive: False
  transform: none
  tu_simple: True
device: cpu
example_arg: example
example_group:
  example_arg: example
gnn:
  act: prelu
  agg: add
  att_final_linear: False
  att_final_linear_bn: False
  att_heads: 1
  batchnorm: True
  clear_feature: True
  dim_inner: 256
  dropout: 0.0
  flow: source_to_target
  head: graph
  keep_edge: 0.5
  l2norm: True
  layer_type: gcnconv
  layers_mp: 2
  layers_post_mp: 1
  layers_pre_mp: 1
  msg_direction: single
  normalize_adj: False
  self_msg: concat
  skip_every: 1
  stage_type: stack
gpu_mem: False
mem:
  inplace: False
metric_agg: argmax
metric_best: auto
model:
  edge_decoding: dot
  graph_pooling: add
  loss_fun: cross_entropy
  match_upper: True
  size_average: mean
  thresh: 0.5
  type: gnn
num_threads: 6
num_workers: 0
optim:
  base_lr: 0.01
  lr_decay: 0.1
  max_epoch: 100
  momentum: 0.9
  optimizer: adam
  scheduler: cos
  steps: [30, 60, 90]
  weight_decay: 0.0005
out_dir: results/BCDB_Dataset
params: 134920
print: both
round: 4
run_dir: results/BCDB_Dataset/2
seed: 3
share:
  dim_in: 2
  dim_out: 7
  num_splits: 3
tensorboard_agg: True
tensorboard_each_run: False
train:
  auto_resume: False
  batch_size: 32
  ckpt_clean: True
  ckpt_period: 100
  enable_ckpt: True
  epoch_resume: -1
  eval_period: 20
  iter_per_epoch: 32
  mode: standard
  neighbor_sizes: [20, 15, 10, 5]
  node_per_graph: 32
  radius: extend
  sample_node: False
  sampler: full_batch
  skip_train_eval: False
  walk_length: 4
val:
  node_per_graph: 32
  radius: extend
  sample_node: False
  sampler: full_batch
view_emb: False
Num parameters: 134920
Start from epoch 0
train: {'epoch': 0, 'eta': 327.6439, 'loss': 1.3749, 'lr': 0.01, 'params': 134920, 'time_iter': 0.0249, 'accuracy': 0.5765}
val: {'epoch': 0, 'loss': 1.3488, 'lr': 0, 'params': 134920, 'time_iter': 0.0115, 'accuracy': 0.483}
test: {'epoch': 0, 'loss': 1.4533, 'lr': 0, 'params': 134920, 'time_iter': 0.0112, 'accuracy': 0.4633}
train: {'epoch': 1, 'eta': 295.4049, 'loss': 1.2682, 'lr': 0.01, 'params': 134920, 'time_iter': 0.0204, 'accuracy': 0.5916}
train: {'epoch': 2, 'eta': 294.8253, 'loss': 1.2344, 'lr': 0.01, 'params': 134920, 'time_iter': 0.0232, 'accuracy': 0.5999}
train: {'epoch': 3, 'eta': 300.31, 'loss': 1.1751, 'lr': 0.01, 'params': 134920, 'time_iter': 0.0255, 'accuracy': 0.6187}
train: {'epoch': 4, 'eta': 291.0953, 'loss': 1.2248, 'lr': 0.01, 'params': 134920, 'time_iter': 0.0211, 'accuracy': 0.601}
train: {'epoch': 5, 'eta': 285.5038, 'loss': 1.159, 'lr': 0.0099, 'params': 134920, 'time_iter': 0.0218, 'accuracy': 0.6164}
train: {'epoch': 6, 'eta': 284.1722, 'loss': 1.182, 'lr': 0.0099, 'params': 134920, 'time_iter': 0.0238, 'accuracy': 0.5982}
train: {'epoch': 7, 'eta': 277.3689, 'loss': 1.162, 'lr': 0.0099, 'params': 134920, 'time_iter': 0.0205, 'accuracy': 0.6069}
train: {'epoch': 8, 'eta': 275.5078, 'loss': 1.1275, 'lr': 0.0098, 'params': 134920, 'time_iter': 0.0235, 'accuracy': 0.6175}
train: {'epoch': 9, 'eta': 275.829, 'loss': 1.0957, 'lr': 0.0098, 'params': 134920, 'time_iter': 0.0256, 'accuracy': 0.6249}
train: {'epoch': 10, 'eta': 272.3969, 'loss': 1.0834, 'lr': 0.0098, 'params': 134920, 'time_iter': 0.0227, 'accuracy': 0.6329}
train: {'epoch': 11, 'eta': 265.8408, 'loss': 1.0893, 'lr': 0.0097, 'params': 134920, 'time_iter': 0.0194, 'accuracy': 0.6305}
train: {'epoch': 12, 'eta': 262.1825, 'loss': 1.06, 'lr': 0.0096, 'params': 134920, 'time_iter': 0.022, 'accuracy': 0.6388}
train: {'epoch': 13, 'eta': 260.7376, 'loss': 1.0438, 'lr': 0.0096, 'params': 134920, 'time_iter': 0.0246, 'accuracy': 0.6373}
train: {'epoch': 14, 'eta': 256.9409, 'loss': 0.9955, 'lr': 0.0095, 'params': 134920, 'time_iter': 0.0218, 'accuracy': 0.6529}
train: {'epoch': 15, 'eta': 251.8227, 'loss': 1.0002, 'lr': 0.0095, 'params': 134920, 'time_iter': 0.0197, 'accuracy': 0.6468}
train: {'epoch': 16, 'eta': 248.0711, 'loss': 0.9622, 'lr': 0.0094, 'params': 134920, 'time_iter': 0.0214, 'accuracy': 0.6628}
train: {'epoch': 17, 'eta': 245.9644, 'loss': 0.9598, 'lr': 0.0093, 'params': 134920, 'time_iter': 0.0239, 'accuracy': 0.6524}
train: {'epoch': 18, 'eta': 244.9442, 'loss': 0.9266, 'lr': 0.0092, 'params': 134920, 'time_iter': 0.026, 'accuracy': 0.6675}
train: {'epoch': 19, 'eta': 240.3952, 'loss': 0.9265, 'lr': 0.0091, 'params': 134920, 'time_iter': 0.0199, 'accuracy': 0.6581}
val: {'epoch': 19, 'loss': 1.1196, 'lr': 0, 'params': 134920, 'time_iter': 0.0125, 'accuracy': 0.6528}
test: {'epoch': 19, 'loss': 1.0304, 'lr': 0, 'params': 134920, 'time_iter': 0.0113, 'accuracy': 0.6798}
train: {'epoch': 20, 'eta': 238.4543, 'loss': 0.9502, 'lr': 0.009, 'params': 134920, 'time_iter': 0.0247, 'accuracy': 0.6607}
train: {'epoch': 21, 'eta': 236.4057, 'loss': 0.9068, 'lr': 0.009, 'params': 134920, 'time_iter': 0.0248, 'accuracy': 0.6661}
train: {'epoch': 22, 'eta': 234.1984, 'loss': 0.887, 'lr': 0.0089, 'params': 134920, 'time_iter': 0.0246, 'accuracy': 0.6682}
train: {'epoch': 23, 'eta': 230.4336, 'loss': 0.8988, 'lr': 0.0088, 'params': 134920, 'time_iter': 0.0212, 'accuracy': 0.6649}
train: {'epoch': 24, 'eta': 226.4779, 'loss': 0.8997, 'lr': 0.0086, 'params': 134920, 'time_iter': 0.0205, 'accuracy': 0.6687}
train: {'epoch': 25, 'eta': 222.5638, 'loss': 0.8953, 'lr': 0.0085, 'params': 134920, 'time_iter': 0.0203, 'accuracy': 0.6734}
train: {'epoch': 26, 'eta': 218.5581, 'loss': 0.8582, 'lr': 0.0084, 'params': 134920, 'time_iter': 0.0198, 'accuracy': 0.6741}
train: {'epoch': 27, 'eta': 214.8267, 'loss': 0.8666, 'lr': 0.0083, 'params': 134920, 'time_iter': 0.0204, 'accuracy': 0.6807}
train: {'epoch': 28, 'eta': 210.8402, 'loss': 0.8677, 'lr': 0.0082, 'params': 134920, 'time_iter': 0.0194, 'accuracy': 0.6777}
train: {'epoch': 29, 'eta': 206.8035, 'loss': 0.854, 'lr': 0.0081, 'params': 134920, 'time_iter': 0.0189, 'accuracy': 0.6814}
train: {'epoch': 30, 'eta': 204.0963, 'loss': 0.8554, 'lr': 0.0079, 'params': 134920, 'time_iter': 0.023, 'accuracy': 0.6798}
train: {'epoch': 31, 'eta': 201.4107, 'loss': 0.8441, 'lr': 0.0078, 'params': 134920, 'time_iter': 0.0232, 'accuracy': 0.6763}
train: {'epoch': 32, 'eta': 198.2251, 'loss': 0.8323, 'lr': 0.0077, 'params': 134920, 'time_iter': 0.0214, 'accuracy': 0.6748}
train: {'epoch': 33, 'eta': 196.1067, 'loss': 0.8455, 'lr': 0.0075, 'params': 134920, 'time_iter': 0.0255, 'accuracy': 0.6751}
train: {'epoch': 34, 'eta': 194.0431, 'loss': 0.8273, 'lr': 0.0074, 'params': 134920, 'time_iter': 0.026, 'accuracy': 0.6932}
train: {'epoch': 35, 'eta': 192.5843, 'loss': 0.8348, 'lr': 0.0073, 'params': 134920, 'time_iter': 0.0289, 'accuracy': 0.6831}
train: {'epoch': 36, 'eta': 191.0682, 'loss': 0.8122, 'lr': 0.0071, 'params': 134920, 'time_iter': 0.0292, 'accuracy': 0.6923}
train: {'epoch': 37, 'eta': 191.0909, 'loss': 0.8022, 'lr': 0.007, 'params': 134920, 'time_iter': 0.0369, 'accuracy': 0.6897}
train: {'epoch': 38, 'eta': 191.7784, 'loss': 0.8108, 'lr': 0.0068, 'params': 134920, 'time_iter': 0.0413, 'accuracy': 0.6892}
train: {'epoch': 39, 'eta': 194.6492, 'loss': 0.8207, 'lr': 0.0067, 'params': 134920, 'time_iter': 0.0538, 'accuracy': 0.6963}
val: {'epoch': 39, 'loss': 0.7453, 'lr': 0, 'params': 134920, 'time_iter': 0.0302, 'accuracy': 0.7189}
test: {'epoch': 39, 'loss': 0.7517, 'lr': 0, 'params': 134920, 'time_iter': 0.0338, 'accuracy': 0.7024}
train: {'epoch': 40, 'eta': 197.6877, 'loss': 0.8032, 'lr': 0.0065, 'params': 134920, 'time_iter': 0.0572, 'accuracy': 0.7043}
train: {'epoch': 41, 'eta': 202.8746, 'loss': 0.8063, 'lr': 0.0064, 'params': 134920, 'time_iter': 0.0717, 'accuracy': 0.689}
train: {'epoch': 42, 'eta': 208.263, 'loss': 0.7955, 'lr': 0.0062, 'params': 134920, 'time_iter': 0.0767, 'accuracy': 0.6946}
train: {'epoch': 43, 'eta': 214.0037, 'loss': 0.7897, 'lr': 0.0061, 'params': 134920, 'time_iter': 0.083, 'accuracy': 0.6951}
train: {'epoch': 44, 'eta': 219.1327, 'loss': 0.7825, 'lr': 0.0059, 'params': 134920, 'time_iter': 0.0838, 'accuracy': 0.6975}
train: {'epoch': 45, 'eta': 224.4026, 'loss': 0.7871, 'lr': 0.0058, 'params': 134920, 'time_iter': 0.0892, 'accuracy': 0.6928}
train: {'epoch': 46, 'eta': 229.7432, 'loss': 0.7896, 'lr': 0.0056, 'params': 134920, 'time_iter': 0.0946, 'accuracy': 0.6965}
train: {'epoch': 47, 'eta': 235.0718, 'loss': 0.7927, 'lr': 0.0055, 'params': 134920, 'time_iter': 0.0997, 'accuracy': 0.6963}
train: {'epoch': 48, 'eta': 239.3286, 'loss': 0.7824, 'lr': 0.0053, 'params': 134920, 'time_iter': 0.0974, 'accuracy': 0.6932}
train: {'epoch': 49, 'eta': 242.8487, 'loss': 0.782, 'lr': 0.0052, 'params': 134920, 'time_iter': 0.097, 'accuracy': 0.7003}
train: {'epoch': 50, 'eta': 244.9073, 'loss': 0.7753, 'lr': 0.005, 'params': 134920, 'time_iter': 0.0906, 'accuracy': 0.6923}
train: {'epoch': 51, 'eta': 246.8765, 'loss': 0.7775, 'lr': 0.0048, 'params': 134920, 'time_iter': 0.0943, 'accuracy': 0.6991}
train: {'epoch': 52, 'eta': 247.5449, 'loss': 0.7648, 'lr': 0.0047, 'params': 134920, 'time_iter': 0.0879, 'accuracy': 0.7029}
train: {'epoch': 53, 'eta': 248.1291, 'loss': 0.7567, 'lr': 0.0045, 'params': 134920, 'time_iter': 0.0912, 'accuracy': 0.7135}
train: {'epoch': 54, 'eta': 247.8118, 'loss': 0.7535, 'lr': 0.0044, 'params': 134920, 'time_iter': 0.0872, 'accuracy': 0.705}
train: {'epoch': 55, 'eta': 247.4119, 'loss': 0.7572, 'lr': 0.0042, 'params': 134920, 'time_iter': 0.0903, 'accuracy': 0.705}
train: {'epoch': 56, 'eta': 245.9226, 'loss': 0.7513, 'lr': 0.0041, 'params': 134920, 'time_iter': 0.0835, 'accuracy': 0.7029}
train: {'epoch': 57, 'eta': 245.1554, 'loss': 0.7563, 'lr': 0.0039, 'params': 134920, 'time_iter': 0.0944, 'accuracy': 0.7053}
train: {'epoch': 58, 'eta': 243.8231, 'loss': 0.7332, 'lr': 0.0038, 'params': 134920, 'time_iter': 0.0926, 'accuracy': 0.709}
train: {'epoch': 59, 'eta': 242.9782, 'loss': 0.748, 'lr': 0.0036, 'params': 134920, 'time_iter': 0.1023, 'accuracy': 0.7095}
val: {'epoch': 59, 'loss': 0.6957, 'lr': 0, 'params': 134920, 'time_iter': 0.057, 'accuracy': 0.7358}
test: {'epoch': 59, 'loss': 0.6466, 'lr': 0, 'params': 134920, 'time_iter': 0.0554, 'accuracy': 0.7401}
train: {'epoch': 60, 'eta': 242.4914, 'loss': 0.7336, 'lr': 0.0035, 'params': 134920, 'time_iter': 0.1114, 'accuracy': 0.713}
train: {'epoch': 61, 'eta': 241.4348, 'loss': 0.7433, 'lr': 0.0033, 'params': 134920, 'time_iter': 0.1101, 'accuracy': 0.7133}
train: {'epoch': 62, 'eta': 241.1537, 'loss': 0.738, 'lr': 0.0032, 'params': 134920, 'time_iter': 0.1255, 'accuracy': 0.702}
train: {'epoch': 63, 'eta': 240.6994, 'loss': 0.7328, 'lr': 0.003, 'params': 134920, 'time_iter': 0.1301, 'accuracy': 0.7069}
train: {'epoch': 64, 'eta': 240.1537, 'loss': 0.7242, 'lr': 0.0029, 'params': 134920, 'time_iter': 0.136, 'accuracy': 0.714}
train: {'epoch': 65, 'eta': 239.7198, 'loss': 0.7241, 'lr': 0.0027, 'params': 134920, 'time_iter': 0.1454, 'accuracy': 0.7168}
train: {'epoch': 66, 'eta': 239.5445, 'loss': 0.721, 'lr': 0.0026, 'params': 134920, 'time_iter': 0.158, 'accuracy': 0.7142}
train: {'epoch': 67, 'eta': 238.4081, 'loss': 0.7191, 'lr': 0.0025, 'params': 134920, 'time_iter': 0.1524, 'accuracy': 0.7126}
train: {'epoch': 68, 'eta': 236.7714, 'loss': 0.7185, 'lr': 0.0023, 'params': 134920, 'time_iter': 0.1533, 'accuracy': 0.7135}
train: {'epoch': 69, 'eta': 235.1359, 'loss': 0.7145, 'lr': 0.0022, 'params': 134920, 'time_iter': 0.1627, 'accuracy': 0.7126}
train: {'epoch': 70, 'eta': 232.6494, 'loss': 0.7103, 'lr': 0.0021, 'params': 134920, 'time_iter': 0.1574, 'accuracy': 0.7095}
train: {'epoch': 71, 'eta': 231.5828, 'loss': 0.7091, 'lr': 0.0019, 'params': 134920, 'time_iter': 0.1948, 'accuracy': 0.7116}
train: {'epoch': 72, 'eta': 228.8464, 'loss': 0.7129, 'lr': 0.0018, 'params': 134920, 'time_iter': 0.1747, 'accuracy': 0.7154}
train: {'epoch': 73, 'eta': 226.0611, 'loss': 0.712, 'lr': 0.0017, 'params': 134920, 'time_iter': 0.1855, 'accuracy': 0.7166}
train: {'epoch': 74, 'eta': 223.4549, 'loss': 0.7079, 'lr': 0.0016, 'params': 134920, 'time_iter': 0.2027, 'accuracy': 0.7206}
train: {'epoch': 75, 'eta': 219.0042, 'loss': 0.7115, 'lr': 0.0015, 'params': 134920, 'time_iter': 0.1741, 'accuracy': 0.7149}
train: {'epoch': 76, 'eta': 213.9672, 'loss': 0.698, 'lr': 0.0014, 'params': 134920, 'time_iter': 0.1715, 'accuracy': 0.7182}
train: {'epoch': 77, 'eta': 208.2238, 'loss': 0.7095, 'lr': 0.0012, 'params': 134920, 'time_iter': 0.1648, 'accuracy': 0.7135}
train: {'epoch': 78, 'eta': 202.1928, 'loss': 0.7003, 'lr': 0.0011, 'params': 134920, 'time_iter': 0.1683, 'accuracy': 0.7194}
train: {'epoch': 79, 'eta': 195.7691, 'loss': 0.696, 'lr': 0.001, 'params': 134920, 'time_iter': 0.1688, 'accuracy': 0.7194}
val: {'epoch': 79, 'loss': 0.6504, 'lr': 0, 'params': 134920, 'time_iter': 0.0895, 'accuracy': 0.7415}
test: {'epoch': 79, 'loss': 0.6314, 'lr': 0, 'params': 134920, 'time_iter': 0.0749, 'accuracy': 0.7382}
train: {'epoch': 80, 'eta': 188.9365, 'loss': 0.696, 'lr': 0.001, 'params': 134920, 'time_iter': 0.1683, 'accuracy': 0.7218}
train: {'epoch': 81, 'eta': 181.7816, 'loss': 0.6928, 'lr': 0.0009, 'params': 134920, 'time_iter': 0.1703, 'accuracy': 0.7229}
train: {'epoch': 82, 'eta': 174.0729, 'loss': 0.6911, 'lr': 0.0008, 'params': 134920, 'time_iter': 0.1637, 'accuracy': 0.7196}
train: {'epoch': 83, 'eta': 166.0822, 'loss': 0.6853, 'lr': 0.0007, 'params': 134920, 'time_iter': 0.1658, 'accuracy': 0.7194}
train: {'epoch': 84, 'eta': 157.7785, 'loss': 0.6893, 'lr': 0.0006, 'params': 134920, 'time_iter': 0.1665, 'accuracy': 0.7225}
train: {'epoch': 85, 'eta': 149.1766, 'loss': 0.6959, 'lr': 0.0005, 'params': 134920, 'time_iter': 0.1676, 'accuracy': 0.7244}
train: {'epoch': 86, 'eta': 140.3405, 'loss': 0.6875, 'lr': 0.0005, 'params': 134920, 'time_iter': 0.1717, 'accuracy': 0.7218}
train: {'epoch': 87, 'eta': 131.1812, 'loss': 0.6784, 'lr': 0.0004, 'params': 134920, 'time_iter': 0.1714, 'accuracy': 0.7265}
train: {'epoch': 88, 'eta': 121.6595, 'loss': 0.6828, 'lr': 0.0004, 'params': 134920, 'time_iter': 0.168, 'accuracy': 0.7189}
train: {'epoch': 89, 'eta': 111.9735, 'loss': 0.6872, 'lr': 0.0003, 'params': 134920, 'time_iter': 0.1761, 'accuracy': 0.7194}
train: {'epoch': 90, 'eta': 101.9004, 'loss': 0.6927, 'lr': 0.0002, 'params': 134920, 'time_iter': 0.1697, 'accuracy': 0.7206}
train: {'epoch': 91, 'eta': 91.6788, 'loss': 0.6734, 'lr': 0.0002, 'params': 134920, 'time_iter': 0.1803, 'accuracy': 0.7274}
train: {'epoch': 92, 'eta': 81.1622, 'loss': 0.6792, 'lr': 0.0002, 'params': 134920, 'time_iter': 0.1804, 'accuracy': 0.722}
train: {'epoch': 93, 'eta': 70.256, 'loss': 0.6685, 'lr': 0.0001, 'params': 134920, 'time_iter': 0.1683, 'accuracy': 0.73}
train: {'epoch': 94, 'eta': 59.2144, 'loss': 0.6699, 'lr': 0.0001, 'params': 134920, 'time_iter': 0.1834, 'accuracy': 0.7288}
train: {'epoch': 95, 'eta': 47.9717, 'loss': 0.6712, 'lr': 0.0001, 'params': 134920, 'time_iter': 0.1973, 'accuracy': 0.7265}
train: {'epoch': 96, 'eta': 36.3688, 'loss': 0.6796, 'lr': 0.0, 'params': 134920, 'time_iter': 0.185, 'accuracy': 0.7272}
train: {'epoch': 97, 'eta': 24.4966, 'loss': 0.6774, 'lr': 0.0, 'params': 134920, 'time_iter': 0.1835, 'accuracy': 0.7272}
train: {'epoch': 98, 'eta': 12.3585, 'loss': 0.6744, 'lr': 0.0, 'params': 134920, 'time_iter': 0.1741, 'accuracy': 0.727}
train: {'epoch': 99, 'eta': 0.0, 'loss': 0.6744, 'lr': 0.0, 'params': 134920, 'time_iter': 0.1696, 'accuracy': 0.7326}
val: {'epoch': 99, 'loss': 0.6478, 'lr': 0, 'params': 134920, 'time_iter': 0.0791, 'accuracy': 0.7453}
test: {'epoch': 99, 'loss': 0.6192, 'lr': 0, 'params': 134920, 'time_iter': 0.0781, 'accuracy': 0.7571}
Task done, results saved in results/BCDB_Dataset
Results aggregated across runs saved in results/BCDB_Dataset/agg
